<?xml version="1.0" encoding="UTF-8"?>
<testsuite name="ExploreUsedCars Test"
           tests="2"
           failures="2"
           errors="0"
           skipped="0"
           time="32.825">
  <properties />
            <testcase name="exploreUsedCars" time="15.200" classname="testcases.ExploreUsedCarsTest">
                <failure type="org.openqa.selenium.json.JsonException"
                  message="java.lang.reflect.InvocationTargetException
Build info: version: &apos;4.27.0&apos;, revision: &apos;d6e718d134&apos;
System info: os.name: &apos;Windows 10&apos;, os.arch: &apos;amd64&apos;, os.version: &apos;10.0&apos;, java.version: &apos;17.0.12&apos;
Driver info: org.openqa.selenium.remote.RemoteWebDriver
Command: [e54825cc8dff31e0acfbd41b67d5ae86, actions {actions=[org.openqa.selenium.interactions.Sequence@299ddfff]}]
Capabilities {acceptInsecureCerts: false, browserName: chrome, browserVersion: 134.0.6998.35, chrome: {chromedriverVersion: 134.0.6998.35 (ea6ef4c2ac15..., userDataDir: /tmp/.org.chromium.Chromium...}, fedcm:accounts: true, goog:chromeOptions: {debuggerAddress: localhost:34303}, networkConnectionEnabled: false, pageLoadStrategy: normal, platformName: linux, proxy: Proxy(), se:bidiEnabled: false, se:cdp: ws://172.18.0.6:4444/sessio..., se:cdpVersion: 134.0.6998.35, se:containerName: cb5da5789a27, se:noVncPort: 7900, se:vnc: ws://172.18.0.6:4444/sessio..., se:vncEnabled: true, se:vncLocalAddress: ws://172.18.0.6:7900, setWindowRect: true, strictFileInteractability: false, timeouts: {implicit: 0, pageLoad: 300000, script: 30000}, unhandledPromptBehavior: dismiss and notify, webauthn:extension:credBlob: true, webauthn:extension:largeBlob: true, webauthn:extension:minPinLength: true, webauthn:extension:prf: true, webauthn:virtualAuthenticators: true}
Session ID: e54825cc8dff31e0acfbd41b67d5ae86"
              >
<![CDATA[org.openqa.selenium.json.JsonException: java.lang.reflect.InvocationTargetException
Build info: version: '4.27.0', revision: 'd6e718d134'
System info: os.name: 'Windows 10', os.arch: 'amd64', os.version: '10.0', java.version: '17.0.12'
Driver info: org.openqa.selenium.remote.RemoteWebDriver
Command: [e54825cc8dff31e0acfbd41b67d5ae86, actions {actions=[org.openqa.selenium.interactions.Sequence@299ddfff]}]
Capabilities {acceptInsecureCerts: false, browserName: chrome, browserVersion: 134.0.6998.35, chrome: {chromedriverVersion: 134.0.6998.35 (ea6ef4c2ac15..., userDataDir: /tmp/.org.chromium.Chromium...}, fedcm:accounts: true, goog:chromeOptions: {debuggerAddress: localhost:34303}, networkConnectionEnabled: false, pageLoadStrategy: normal, platformName: linux, proxy: Proxy(), se:bidiEnabled: false, se:cdp: ws://172.18.0.6:4444/sessio..., se:cdpVersion: 134.0.6998.35, se:containerName: cb5da5789a27, se:noVncPort: 7900, se:vnc: ws://172.18.0.6:4444/sessio..., se:vncEnabled: true, se:vncLocalAddress: ws://172.18.0.6:7900, setWindowRect: true, strictFileInteractability: false, timeouts: {implicit: 0, pageLoad: 300000, script: 30000}, unhandledPromptBehavior: dismiss and notify, webauthn:extension:credBlob: true, webauthn:extension:largeBlob: true, webauthn:extension:minPinLength: true, webauthn:extension:prf: true, webauthn:virtualAuthenticators: true}
Session ID: e54825cc8dff31e0acfbd41b67d5ae86
  org.openqa.selenium.json.JsonOutput.convertUsingMethod(JsonOutput.java:520)
  org.openqa.selenium.json.JsonOutput.lambda$new$16(JsonOutput.java:182)
  org.openqa.selenium.json.JsonOutput.write0(JsonOutput.java:409)
  org.openqa.selenium.json.JsonOutput.lambda$new$22(JsonOutput.java:204)
  java.base/java.util.stream.ForEachOps$ForEachOp$OfRef.accept(ForEachOps.java:183)
  java.base/java.util.stream.ReferencePipeline$2$1.accept(ReferencePipeline.java:179)
  java.base/java.util.Iterator.forEachRemaining(Iterator.java:133)
  java.base/java.util.Spliterators$IteratorSpliterator.forEachRemaining(Spliterators.java:1845)
  java.base/java.util.stream.AbstractPipeline.copyInto(AbstractPipeline.java:509)
  java.base/java.util.stream.AbstractPipeline.wrapAndCopyInto(AbstractPipeline.java:499)
  java.base/java.util.stream.ForEachOps$ForEachOp.evaluateSequential(ForEachOps.java:150)
  java.base/java.util.stream.ForEachOps$ForEachOp$OfRef.evaluateSequential(ForEachOps.java:173)
  java.base/java.util.stream.AbstractPipeline.evaluate(AbstractPipeline.java:234)
  java.base/java.util.stream.ReferencePipeline.forEach(ReferencePipeline.java:596)
  org.openqa.selenium.json.JsonOutput.lambda$new$23(JsonOutput.java:204)
  org.openqa.selenium.json.JsonOutput.write0(JsonOutput.java:409)
  org.openqa.selenium.json.JsonOutput.lambda$new$24(JsonOutput.java:222)
  java.base/java.util.Map.forEach(Map.java:713)
  org.openqa.selenium.json.JsonOutput.lambda$new$25(JsonOutput.java:217)
  org.openqa.selenium.json.JsonOutput.write0(JsonOutput.java:409)
  org.openqa.selenium.json.JsonOutput.write(JsonOutput.java:400)
  org.openqa.selenium.json.Json.toJson(Json.java:133)
  org.openqa.selenium.json.Json.toJson(Json.java:119)
  org.openqa.selenium.remote.codec.AbstractHttpCommandCodec.encode(AbstractHttpCommandCodec.java:245)
  org.openqa.selenium.remote.codec.AbstractHttpCommandCodec.encode(AbstractHttpCommandCodec.java:111)
  org.openqa.selenium.remote.HttpCommandExecutor.execute(HttpCommandExecutor.java:178)
  org.openqa.selenium.remote.TracedCommandExecutor.execute(TracedCommandExecutor.java:53)
  org.openqa.selenium.remote.RemoteWebDriver.execute(RemoteWebDriver.java:545)
  org.openqa.selenium.remote.RemoteWebDriver.perform(RemoteWebDriver.java:631)
  org.openqa.selenium.interactions.Actions$BuiltAction.perform(Actions.java:613)
  org.openqa.selenium.interactions.Actions.perform(Actions.java:578)
  pages.HomePage.exploreUsedCar(HomePage.java:49)
  testcases.ExploreUsedCarsTest.exploreUsedCars(ExploreUsedCarsTest.java:23)
  java.base/jdk.internal.reflect.NativeMethodAccessorImpl.invoke0(Native Method)
  java.base/jdk.internal.reflect.NativeMethodAccessorImpl.invoke(NativeMethodAccessorImpl.java:77)
  java.base/jdk.internal.reflect.DelegatingMethodAccessorImpl.invoke(DelegatingMethodAccessorImpl.java:43)
  java.base/java.lang.reflect.Method.invoke(Method.java:568)
  org.testng.internal.invokers.MethodInvocationHelper.invokeMethod(MethodInvocationHelper.java:141)
  org.testng.internal.invokers.TestInvoker.invokeMethod(TestInvoker.java:686)
  org.testng.internal.invokers.TestInvoker.invokeTestMethod(TestInvoker.java:230)
  org.testng.internal.invokers.MethodRunner.runInSequence(MethodRunner.java:63)
  org.testng.internal.invokers.TestInvoker$MethodInvocationAgent.invoke(TestInvoker.java:992)
  org.testng.internal.invokers.TestInvoker.invokeTestMethods(TestInvoker.java:203)
  org.testng.internal.invokers.TestMethodWorker.invokeTestMethods(TestMethodWorker.java:154)
  org.testng.internal.invokers.TestMethodWorker.run(TestMethodWorker.java:134)
  java.base/java.util.ArrayList.forEach(ArrayList.java:1511)
  org.testng.TestRunner.privateRun(TestRunner.java:739)
  org.testng.TestRunner.run(TestRunner.java:614)
  org.testng.SuiteRunner.runTest(SuiteRunner.java:421)
  org.testng.SuiteRunner.runSequentially(SuiteRunner.java:413)
  org.testng.SuiteRunner.privateRun(SuiteRunner.java:373)
  org.testng.SuiteRunner.run(SuiteRunner.java:312)
  org.testng.SuiteRunnerWorker.runSuite(SuiteRunnerWorker.java:52)
  org.testng.SuiteRunnerWorker.run(SuiteRunnerWorker.java:95)
  org.testng.TestNG.runSuitesSequentially(TestNG.java:1274)
  org.testng.TestNG.runSuitesLocally(TestNG.java:1208)
  org.testng.TestNG.runSuites(TestNG.java:1112)
  org.testng.TestNG.run(TestNG.java:1079)
  org.testng.remote.AbstractRemoteTestNG.run(AbstractRemoteTestNG.java:115)
  org.testng.remote.RemoteTestNG.initAndRun(RemoteTestNG.java:293)
  org.testng.remote.RemoteTestNG.main(RemoteTestNG.java:91)
Caused by: java.lang.reflect.InvocationTargetException
  jdk.internal.reflect.GeneratedMethodAccessor22.invoke(Unknown Source)
  java.base/jdk.internal.reflect.DelegatingMethodAccessorImpl.invoke(DelegatingMethodAccessorImpl.java:43)
  java.base/java.lang.reflect.Method.invoke(Method.java:568)
  org.openqa.selenium.json.JsonOutput.convertUsingMethod(JsonOutput.java:516)
  org.openqa.selenium.json.JsonOutput.lambda$new$16(JsonOutput.java:182)
  org.openqa.selenium.json.JsonOutput.write0(JsonOutput.java:409)
  org.openqa.selenium.json.JsonOutput.lambda$new$22(JsonOutput.java:204)
  java.base/java.util.stream.ForEachOps$ForEachOp$OfRef.accept(ForEachOps.java:183)
  java.base/java.util.stream.ReferencePipeline$2$1.accept(ReferencePipeline.java:179)
  java.base/java.util.Iterator.forEachRemaining(Iterator.java:133)
  java.base/java.util.Spliterators$IteratorSpliterator.forEachRemaining(Spliterators.java:1845)
  java.base/java.util.stream.AbstractPipeline.copyInto(AbstractPipeline.java:509)
  java.base/java.util.stream.AbstractPipeline.wrapAndCopyInto(AbstractPipeline.java:499)
  java.base/java.util.stream.ForEachOps$ForEachOp.evaluateSequential(ForEachOps.java:150)
  java.base/java.util.stream.ForEachOps$ForEachOp$OfRef.evaluateSequential(ForEachOps.java:173)
  java.base/java.util.stream.AbstractPipeline.evaluate(AbstractPipeline.java:234)
  java.base/java.util.stream.ReferencePipeline.forEach(ReferencePipeline.java:596)
  org.openqa.selenium.json.JsonOutput.lambda$new$23(JsonOutput.java:204)
  org.openqa.selenium.json.JsonOutput.write0(JsonOutput.java:409)
  org.openqa.selenium.json.JsonOutput.lambda$new$24(JsonOutput.java:222)
  java.base/java.util.Map.forEach(Map.java:713)
  org.openqa.selenium.json.JsonOutput.lambda$new$25(JsonOutput.java:217)
  org.openqa.selenium.json.JsonOutput.write0(JsonOutput.java:409)
  org.openqa.selenium.json.JsonOutput.write(JsonOutput.java:400)
  org.openqa.selenium.json.Json.toJson(Json.java:133)
  org.openqa.selenium.json.Json.toJson(Json.java:119)
  org.openqa.selenium.remote.codec.AbstractHttpCommandCodec.encode(AbstractHttpCommandCodec.java:245)
  org.openqa.selenium.remote.codec.AbstractHttpCommandCodec.encode(AbstractHttpCommandCodec.java:111)
  org.openqa.selenium.remote.HttpCommandExecutor.execute(HttpCommandExecutor.java:178)
  org.openqa.selenium.remote.TracedCommandExecutor.execute(TracedCommandExecutor.java:53)
  org.openqa.selenium.remote.RemoteWebDriver.execute(RemoteWebDriver.java:545)
  org.openqa.selenium.remote.RemoteWebDriver.perform(RemoteWebDriver.java:631)
  org.openqa.selenium.interactions.Actions$BuiltAction.perform(Actions.java:613)
  org.openqa.selenium.interactions.Actions.perform(Actions.java:578)
  pages.HomePage.exploreUsedCar(HomePage.java:49)
  testcases.ExploreUsedCarsTest.exploreUsedCars(ExploreUsedCarsTest.java:23)
  java.base/jdk.internal.reflect.NativeMethodAccessorImpl.invoke0(Native Method)
  java.base/jdk.internal.reflect.NativeMethodAccessorImpl.invoke(NativeMethodAccessorImpl.java:77)
  java.base/jdk.internal.reflect.DelegatingMethodAccessorImpl.invoke(DelegatingMethodAccessorImpl.java:43)
  java.base/java.lang.reflect.Method.invoke(Method.java:568)
  org.testng.internal.invokers.MethodInvocationHelper.invokeMethod(MethodInvocationHelper.java:141)
  org.testng.internal.invokers.TestInvoker.invokeMethod(TestInvoker.java:686)
  org.testng.internal.invokers.TestInvoker.invokeTestMethod(TestInvoker.java:230)
  org.testng.internal.invokers.MethodRunner.runInSequence(MethodRunner.java:63)
  org.testng.internal.invokers.TestInvoker$MethodInvocationAgent.invoke(TestInvoker.java:992)
  org.testng.internal.invokers.TestInvoker.invokeTestMethods(TestInvoker.java:203)
  org.testng.internal.invokers.TestMethodWorker.invokeTestMethods(TestMethodWorker.java:154)
  org.testng.internal.invokers.TestMethodWorker.run(TestMethodWorker.java:134)
  java.base/java.util.ArrayList.forEach(ArrayList.java:1511)
  org.testng.TestRunner.privateRun(TestRunner.java:739)
  org.testng.TestRunner.run(TestRunner.java:614)
  org.testng.SuiteRunner.runTest(SuiteRunner.java:421)
  org.testng.SuiteRunner.runSequentially(SuiteRunner.java:413)
  org.testng.SuiteRunner.privateRun(SuiteRunner.java:373)
  org.testng.SuiteRunner.run(SuiteRunner.java:312)
  org.testng.SuiteRunnerWorker.runSuite(SuiteRunnerWorker.java:52)
  org.testng.SuiteRunnerWorker.run(SuiteRunnerWorker.java:95)
  org.testng.TestNG.runSuitesSequentially(TestNG.java:1274)
  org.testng.TestNG.runSuitesLocally(TestNG.java:1208)
  org.testng.TestNG.runSuites(TestNG.java:1112)
  org.testng.TestNG.run(TestNG.java:1079)
  org.testng.remote.AbstractRemoteTestNG.run(AbstractRemoteTestNG.java:115)
  org.testng.remote.RemoteTestNG.initAndRun(RemoteTestNG.java:293)
  org.testng.remote.RemoteTestNG.main(RemoteTestNG.java:91)
Caused by: org.openqa.selenium.NoSuchElementException: no such element: Unable to locate element: {"method":"xpath","selector":"//*[@id="root"]/div[2]/header/div/nav/ul/li[2]/div"}
  (Session info: chrome=134.0.6998.35)
For documentation on this error, please visit: https://www.selenium.dev/documentation/webdriver/troubleshooting/errors#no-such-element-exception
Build info: version: '4.27.0', revision: 'd6e718d134'
System info: os.name: 'Windows 10', os.arch: 'amd64', os.version: '10.0', java.version: '17.0.12'
Driver info: org.openqa.selenium.remote.RemoteWebDriver
Command: [e54825cc8dff31e0acfbd41b67d5ae86, findElement {using=xpath, value=//*[@id="root"]/div[2]/header/div/nav/ul/li[2]/div}]
Capabilities {acceptInsecureCerts: false, browserName: chrome, browserVersion: 134.0.6998.35, chrome: {chromedriverVersion: 134.0.6998.35 (ea6ef4c2ac15..., userDataDir: /tmp/.org.chromium.Chromium...}, fedcm:accounts: true, goog:chromeOptions: {debuggerAddress: localhost:34303}, networkConnectionEnabled: false, pageLoadStrategy: normal, platformName: linux, proxy: Proxy(), se:bidiEnabled: false, se:cdp: ws://172.18.0.6:4444/sessio..., se:cdpVersion: 134.0.6998.35, se:containerName: cb5da5789a27, se:noVncPort: 7900, se:vnc: ws://172.18.0.6:4444/sessio..., se:vncEnabled: true, se:vncLocalAddress: ws://172.18.0.6:7900, setWindowRect: true, strictFileInteractability: false, timeouts: {implicit: 0, pageLoad: 300000, script: 30000}, unhandledPromptBehavior: dismiss and notify, webauthn:extension:credBlob: true, webauthn:extension:largeBlob: true, webauthn:extension:minPinLength: true, webauthn:extension:prf: true, webauthn:virtualAuthenticators: true}
Session ID: e54825cc8dff31e0acfbd41b67d5ae86
  java.base/jdk.internal.reflect.NativeConstructorAccessorImpl.newInstance0(Native Method)
  java.base/jdk.internal.reflect.NativeConstructorAccessorImpl.newInstance(NativeConstructorAccessorImpl.java:77)
  java.base/jdk.internal.reflect.DelegatingConstructorAccessorImpl.newInstance(DelegatingConstructorAccessorImpl.java:45)
  java.base/java.lang.reflect.Constructor.newInstanceWithCaller(Constructor.java:499)
  java.base/java.lang.reflect.Constructor.newInstance(Constructor.java:480)
  org.openqa.selenium.remote.ErrorCodec.decode(ErrorCodec.java:167)
  org.openqa.selenium.remote.codec.w3c.W3CHttpResponseCodec.decode(W3CHttpResponseCodec.java:138)
  org.openqa.selenium.remote.codec.w3c.W3CHttpResponseCodec.decode(W3CHttpResponseCodec.java:50)
  org.openqa.selenium.remote.HttpCommandExecutor.execute(HttpCommandExecutor.java:190)
  org.openqa.selenium.remote.TracedCommandExecutor.execute(TracedCommandExecutor.java:53)
  org.openqa.selenium.remote.RemoteWebDriver.execute(RemoteWebDriver.java:545)
  org.openqa.selenium.remote.ElementLocation$ElementFinder$2.findElement(ElementLocation.java:165)
  org.openqa.selenium.remote.ElementLocation.findElement(ElementLocation.java:59)
  org.openqa.selenium.remote.RemoteWebDriver.findElement(RemoteWebDriver.java:368)
  org.openqa.selenium.remote.RemoteWebDriver.findElement(RemoteWebDriver.java:362)
  org.openqa.selenium.support.pagefactory.DefaultElementLocator.findElement(DefaultElementLocator.java:68)
  org.openqa.selenium.support.pagefactory.internal.LocatingElementHandler.invoke(LocatingElementHandler.java:38)
  jdk.proxy2/jdk.proxy2.$Proxy29.getWrappedElement(Unknown Source)
  org.openqa.selenium.interactions.PointerInput$Origin.asArg(PointerInput.java:259)
  org.openqa.selenium.interactions.PointerInput$Move.encode(PointerInput.java:208)
  org.openqa.selenium.interactions.Sequence.encode(Sequence.java:72)
  org.openqa.selenium.interactions.Sequence.toJson(Sequence.java:81)
  jdk.internal.reflect.GeneratedMethodAccessor22.invoke(Unknown Source)
  java.base/jdk.internal.reflect.DelegatingMethodAccessorImpl.invoke(DelegatingMethodAccessorImpl.java:43)
  java.base/java.lang.reflect.Method.invoke(Method.java:568)
  org.openqa.selenium.json.JsonOutput.convertUsingMethod(JsonOutput.java:516)
  org.openqa.selenium.json.JsonOutput.lambda$new$16(JsonOutput.java:182)
  org.openqa.selenium.json.JsonOutput.write0(JsonOutput.java:409)
  org.openqa.selenium.json.JsonOutput.lambda$new$22(JsonOutput.java:204)
  java.base/java.util.stream.ForEachOps$ForEachOp$OfRef.accept(ForEachOps.java:183)
  java.base/java.util.stream.ReferencePipeline$2$1.accept(ReferencePipeline.java:179)
  java.base/java.util.Iterator.forEachRemaining(Iterator.java:133)
  java.base/java.util.Spliterators$IteratorSpliterator.forEachRemaining(Spliterators.java:1845)
  java.base/java.util.stream.AbstractPipeline.copyInto(AbstractPipeline.java:509)
  java.base/java.util.stream.AbstractPipeline.wrapAndCopyInto(AbstractPipeline.java:499)
  java.base/java.util.stream.ForEachOps$ForEachOp.evaluateSequential(ForEachOps.java:150)
  java.base/java.util.stream.ForEachOps$ForEachOp$OfRef.evaluateSequential(ForEachOps.java:173)
  java.base/java.util.stream.AbstractPipeline.evaluate(AbstractPipeline.java:234)
  java.base/java.util.stream.ReferencePipeline.forEach(ReferencePipeline.java:596)
  org.openqa.selenium.json.JsonOutput.lambda$new$23(JsonOutput.java:204)
  org.openqa.selenium.json.JsonOutput.write0(JsonOutput.java:409)
  org.openqa.selenium.json.JsonOutput.lambda$new$24(JsonOutput.java:222)
  java.base/java.util.Map.forEach(Map.java:713)
  org.openqa.selenium.json.JsonOutput.lambda$new$25(JsonOutput.java:217)
  org.openqa.selenium.json.JsonOutput.write0(JsonOutput.java:409)
  org.openqa.selenium.json.JsonOutput.write(JsonOutput.java:400)
  org.openqa.selenium.json.Json.toJson(Json.java:133)
  org.openqa.selenium.json.Json.toJson(Json.java:119)
  org.openqa.selenium.remote.codec.AbstractHttpCommandCodec.encode(AbstractHttpCommandCodec.java:245)
  org.openqa.selenium.remote.codec.AbstractHttpCommandCodec.encode(AbstractHttpCommandCodec.java:111)
  org.openqa.selenium.remote.HttpCommandExecutor.execute(HttpCommandExecutor.java:178)
  org.openqa.selenium.remote.TracedCommandExecutor.execute(TracedCommandExecutor.java:53)
  org.openqa.selenium.remote.RemoteWebDriver.execute(RemoteWebDriver.java:545)
  org.openqa.selenium.remote.RemoteWebDriver.perform(RemoteWebDriver.java:631)
  org.openqa.selenium.interactions.Actions$BuiltAction.perform(Actions.java:613)
  org.openqa.selenium.interactions.Actions.perform(Actions.java:578)
  pages.HomePage.exploreUsedCar(HomePage.java:49)
  testcases.ExploreUsedCarsTest.exploreUsedCars(ExploreUsedCarsTest.java:23)
  java.base/jdk.internal.reflect.NativeMethodAccessorImpl.invoke0(Native Method)
  java.base/jdk.internal.reflect.NativeMethodAccessorImpl.invoke(NativeMethodAccessorImpl.java:77)
  java.base/jdk.internal.reflect.DelegatingMethodAccessorImpl.invoke(DelegatingMethodAccessorImpl.java:43)
  java.base/java.lang.reflect.Method.invoke(Method.java:568)
  org.testng.internal.invokers.MethodInvocationHelper.invokeMethod(MethodInvocationHelper.java:141)
  org.testng.internal.invokers.TestInvoker.invokeMethod(TestInvoker.java:686)
  org.testng.internal.invokers.TestInvoker.invokeTestMethod(TestInvoker.java:230)
  org.testng.internal.invokers.MethodRunner.runInSequence(MethodRunner.java:63)
  org.testng.internal.invokers.TestInvoker$MethodInvocationAgent.invoke(TestInvoker.java:992)
  org.testng.internal.invokers.TestInvoker.invokeTestMethods(TestInvoker.java:203)
  org.testng.internal.invokers.TestMethodWorker.invokeTestMethods(TestMethodWorker.java:154)
  org.testng.internal.invokers.TestMethodWorker.run(TestMethodWorker.java:134)
  java.base/java.util.ArrayList.forEach(ArrayList.java:1511)
  org.testng.TestRunner.privateRun(TestRunner.java:739)
  org.testng.TestRunner.run(TestRunner.java:614)
  org.testng.SuiteRunner.runTest(SuiteRunner.java:421)
  org.testng.SuiteRunner.runSequentially(SuiteRunner.java:413)
  org.testng.SuiteRunner.privateRun(SuiteRunner.java:373)
  org.testng.SuiteRunner.run(SuiteRunner.java:312)
  org.testng.SuiteRunnerWorker.runSuite(SuiteRunnerWorker.java:52)
  org.testng.SuiteRunnerWorker.run(SuiteRunnerWorker.java:95)
  org.testng.TestNG.runSuitesSequentially(TestNG.java:1274)
  org.testng.TestNG.runSuitesLocally(TestNG.java:1208)
  org.testng.TestNG.runSuites(TestNG.java:1112)
  org.testng.TestNG.run(TestNG.java:1079)
  org.testng.remote.AbstractRemoteTestNG.run(AbstractRemoteTestNG.java:115)
  org.testng.remote.RemoteTestNG.initAndRun(RemoteTestNG.java:293)
  org.testng.remote.RemoteTestNG.main(RemoteTestNG.java:91)
]]>
      </failure>

          </testcase>
            <testcase name="exploreUsedCars" time="17.625" classname="testcases.ExploreUsedCarsTest">
                <failure type="org.openqa.selenium.json.JsonException"
                  message="java.lang.reflect.InvocationTargetException
Build info: version: &apos;4.27.0&apos;, revision: &apos;d6e718d134&apos;
System info: os.name: &apos;Windows 10&apos;, os.arch: &apos;amd64&apos;, os.version: &apos;10.0&apos;, java.version: &apos;17.0.12&apos;
Driver info: org.openqa.selenium.remote.RemoteWebDriver
Command: [511222905cb24ab44510b9fbde5a1588, actions {actions=[org.openqa.selenium.interactions.Sequence@46ff1aad]}]
Capabilities {acceptInsecureCerts: false, browserName: MicrosoftEdge, browserVersion: 133.0.3065.92, fedcm:accounts: true, ms:edgeOptions: {debuggerAddress: localhost:41523}, msedge: {msedgedriverVersion: 133.0.3065.92 (e8591772eda3..., userDataDir: /tmp/.com.microsoft.Edge.xJ...}, networkConnectionEnabled: false, pageLoadStrategy: normal, platformName: linux, proxy: Proxy(), se:bidiEnabled: false, se:cdp: ws://172.18.0.5:4444/sessio..., se:cdpVersion: 133.0.3065.92, se:containerName: 50399f1b2be3, se:noVncPort: 7900, se:vnc: ws://172.18.0.5:4444/sessio..., se:vncEnabled: true, se:vncLocalAddress: ws://172.18.0.5:7900, setWindowRect: true, strictFileInteractability: false, timeouts: {implicit: 0, pageLoad: 300000, script: 30000}, unhandledPromptBehavior: dismiss and notify, webauthn:extension:credBlob: true, webauthn:extension:largeBlob: true, webauthn:extension:minPinLength: true, webauthn:extension:prf: true, webauthn:virtualAuthenticators: true}
Session ID: 511222905cb24ab44510b9fbde5a1588"
              >
<![CDATA[org.openqa.selenium.json.JsonException: java.lang.reflect.InvocationTargetException
Build info: version: '4.27.0', revision: 'd6e718d134'
System info: os.name: 'Windows 10', os.arch: 'amd64', os.version: '10.0', java.version: '17.0.12'
Driver info: org.openqa.selenium.remote.RemoteWebDriver
Command: [511222905cb24ab44510b9fbde5a1588, actions {actions=[org.openqa.selenium.interactions.Sequence@46ff1aad]}]
Capabilities {acceptInsecureCerts: false, browserName: MicrosoftEdge, browserVersion: 133.0.3065.92, fedcm:accounts: true, ms:edgeOptions: {debuggerAddress: localhost:41523}, msedge: {msedgedriverVersion: 133.0.3065.92 (e8591772eda3..., userDataDir: /tmp/.com.microsoft.Edge.xJ...}, networkConnectionEnabled: false, pageLoadStrategy: normal, platformName: linux, proxy: Proxy(), se:bidiEnabled: false, se:cdp: ws://172.18.0.5:4444/sessio..., se:cdpVersion: 133.0.3065.92, se:containerName: 50399f1b2be3, se:noVncPort: 7900, se:vnc: ws://172.18.0.5:4444/sessio..., se:vncEnabled: true, se:vncLocalAddress: ws://172.18.0.5:7900, setWindowRect: true, strictFileInteractability: false, timeouts: {implicit: 0, pageLoad: 300000, script: 30000}, unhandledPromptBehavior: dismiss and notify, webauthn:extension:credBlob: true, webauthn:extension:largeBlob: true, webauthn:extension:minPinLength: true, webauthn:extension:prf: true, webauthn:virtualAuthenticators: true}
Session ID: 511222905cb24ab44510b9fbde5a1588
  org.openqa.selenium.json.JsonOutput.convertUsingMethod(JsonOutput.java:520)
  org.openqa.selenium.json.JsonOutput.lambda$new$16(JsonOutput.java:182)
  org.openqa.selenium.json.JsonOutput.write0(JsonOutput.java:409)
  org.openqa.selenium.json.JsonOutput.lambda$new$22(JsonOutput.java:204)
  java.base/java.util.stream.ForEachOps$ForEachOp$OfRef.accept(ForEachOps.java:183)
  java.base/java.util.stream.ReferencePipeline$2$1.accept(ReferencePipeline.java:179)
  java.base/java.util.Iterator.forEachRemaining(Iterator.java:133)
  java.base/java.util.Spliterators$IteratorSpliterator.forEachRemaining(Spliterators.java:1845)
  java.base/java.util.stream.AbstractPipeline.copyInto(AbstractPipeline.java:509)
  java.base/java.util.stream.AbstractPipeline.wrapAndCopyInto(AbstractPipeline.java:499)
  java.base/java.util.stream.ForEachOps$ForEachOp.evaluateSequential(ForEachOps.java:150)
  java.base/java.util.stream.ForEachOps$ForEachOp$OfRef.evaluateSequential(ForEachOps.java:173)
  java.base/java.util.stream.AbstractPipeline.evaluate(AbstractPipeline.java:234)
  java.base/java.util.stream.ReferencePipeline.forEach(ReferencePipeline.java:596)
  org.openqa.selenium.json.JsonOutput.lambda$new$23(JsonOutput.java:204)
  org.openqa.selenium.json.JsonOutput.write0(JsonOutput.java:409)
  org.openqa.selenium.json.JsonOutput.lambda$new$24(JsonOutput.java:222)
  java.base/java.util.Map.forEach(Map.java:713)
  org.openqa.selenium.json.JsonOutput.lambda$new$25(JsonOutput.java:217)
  org.openqa.selenium.json.JsonOutput.write0(JsonOutput.java:409)
  org.openqa.selenium.json.JsonOutput.write(JsonOutput.java:400)
  org.openqa.selenium.json.Json.toJson(Json.java:133)
  org.openqa.selenium.json.Json.toJson(Json.java:119)
  org.openqa.selenium.remote.codec.AbstractHttpCommandCodec.encode(AbstractHttpCommandCodec.java:245)
  org.openqa.selenium.remote.codec.AbstractHttpCommandCodec.encode(AbstractHttpCommandCodec.java:111)
  org.openqa.selenium.remote.HttpCommandExecutor.execute(HttpCommandExecutor.java:178)
  org.openqa.selenium.remote.TracedCommandExecutor.execute(TracedCommandExecutor.java:53)
  org.openqa.selenium.remote.RemoteWebDriver.execute(RemoteWebDriver.java:545)
  org.openqa.selenium.remote.RemoteWebDriver.perform(RemoteWebDriver.java:631)
  org.openqa.selenium.interactions.Actions$BuiltAction.perform(Actions.java:613)
  org.openqa.selenium.interactions.Actions.perform(Actions.java:578)
  pages.HomePage.exploreUsedCar(HomePage.java:49)
  testcases.ExploreUsedCarsTest.exploreUsedCars(ExploreUsedCarsTest.java:23)
  java.base/jdk.internal.reflect.NativeMethodAccessorImpl.invoke0(Native Method)
  java.base/jdk.internal.reflect.NativeMethodAccessorImpl.invoke(NativeMethodAccessorImpl.java:77)
  java.base/jdk.internal.reflect.DelegatingMethodAccessorImpl.invoke(DelegatingMethodAccessorImpl.java:43)
  java.base/java.lang.reflect.Method.invoke(Method.java:568)
  org.testng.internal.invokers.MethodInvocationHelper.invokeMethod(MethodInvocationHelper.java:141)
  org.testng.internal.invokers.TestInvoker.invokeMethod(TestInvoker.java:686)
  org.testng.internal.invokers.TestInvoker.invokeTestMethod(TestInvoker.java:230)
  org.testng.internal.invokers.MethodRunner.runInSequence(MethodRunner.java:63)
  org.testng.internal.invokers.TestInvoker$MethodInvocationAgent.invoke(TestInvoker.java:992)
  org.testng.internal.invokers.TestInvoker.invokeTestMethods(TestInvoker.java:203)
  org.testng.internal.invokers.TestMethodWorker.invokeTestMethods(TestMethodWorker.java:154)
  org.testng.internal.invokers.TestMethodWorker.run(TestMethodWorker.java:134)
  java.base/java.util.ArrayList.forEach(ArrayList.java:1511)
  org.testng.TestRunner.privateRun(TestRunner.java:739)
  org.testng.TestRunner.run(TestRunner.java:614)
  org.testng.SuiteRunner.runTest(SuiteRunner.java:421)
  org.testng.SuiteRunner.runSequentially(SuiteRunner.java:413)
  org.testng.SuiteRunner.privateRun(SuiteRunner.java:373)
  org.testng.SuiteRunner.run(SuiteRunner.java:312)
  org.testng.SuiteRunnerWorker.runSuite(SuiteRunnerWorker.java:52)
  org.testng.SuiteRunnerWorker.run(SuiteRunnerWorker.java:95)
  org.testng.TestNG.runSuitesSequentially(TestNG.java:1274)
  org.testng.TestNG.runSuitesLocally(TestNG.java:1208)
  org.testng.TestNG.runSuites(TestNG.java:1112)
  org.testng.TestNG.run(TestNG.java:1079)
  org.testng.remote.AbstractRemoteTestNG.run(AbstractRemoteTestNG.java:115)
  org.testng.remote.RemoteTestNG.initAndRun(RemoteTestNG.java:293)
  org.testng.remote.RemoteTestNG.main(RemoteTestNG.java:91)
Caused by: java.lang.reflect.InvocationTargetException
  jdk.internal.reflect.GeneratedMethodAccessor22.invoke(Unknown Source)
  java.base/jdk.internal.reflect.DelegatingMethodAccessorImpl.invoke(DelegatingMethodAccessorImpl.java:43)
  java.base/java.lang.reflect.Method.invoke(Method.java:568)
  org.openqa.selenium.json.JsonOutput.convertUsingMethod(JsonOutput.java:516)
  org.openqa.selenium.json.JsonOutput.lambda$new$16(JsonOutput.java:182)
  org.openqa.selenium.json.JsonOutput.write0(JsonOutput.java:409)
  org.openqa.selenium.json.JsonOutput.lambda$new$22(JsonOutput.java:204)
  java.base/java.util.stream.ForEachOps$ForEachOp$OfRef.accept(ForEachOps.java:183)
  java.base/java.util.stream.ReferencePipeline$2$1.accept(ReferencePipeline.java:179)
  java.base/java.util.Iterator.forEachRemaining(Iterator.java:133)
  java.base/java.util.Spliterators$IteratorSpliterator.forEachRemaining(Spliterators.java:1845)
  java.base/java.util.stream.AbstractPipeline.copyInto(AbstractPipeline.java:509)
  java.base/java.util.stream.AbstractPipeline.wrapAndCopyInto(AbstractPipeline.java:499)
  java.base/java.util.stream.ForEachOps$ForEachOp.evaluateSequential(ForEachOps.java:150)
  java.base/java.util.stream.ForEachOps$ForEachOp$OfRef.evaluateSequential(ForEachOps.java:173)
  java.base/java.util.stream.AbstractPipeline.evaluate(AbstractPipeline.java:234)
  java.base/java.util.stream.ReferencePipeline.forEach(ReferencePipeline.java:596)
  org.openqa.selenium.json.JsonOutput.lambda$new$23(JsonOutput.java:204)
  org.openqa.selenium.json.JsonOutput.write0(JsonOutput.java:409)
  org.openqa.selenium.json.JsonOutput.lambda$new$24(JsonOutput.java:222)
  java.base/java.util.Map.forEach(Map.java:713)
  org.openqa.selenium.json.JsonOutput.lambda$new$25(JsonOutput.java:217)
  org.openqa.selenium.json.JsonOutput.write0(JsonOutput.java:409)
  org.openqa.selenium.json.JsonOutput.write(JsonOutput.java:400)
  org.openqa.selenium.json.Json.toJson(Json.java:133)
  org.openqa.selenium.json.Json.toJson(Json.java:119)
  org.openqa.selenium.remote.codec.AbstractHttpCommandCodec.encode(AbstractHttpCommandCodec.java:245)
  org.openqa.selenium.remote.codec.AbstractHttpCommandCodec.encode(AbstractHttpCommandCodec.java:111)
  org.openqa.selenium.remote.HttpCommandExecutor.execute(HttpCommandExecutor.java:178)
  org.openqa.selenium.remote.TracedCommandExecutor.execute(TracedCommandExecutor.java:53)
  org.openqa.selenium.remote.RemoteWebDriver.execute(RemoteWebDriver.java:545)
  org.openqa.selenium.remote.RemoteWebDriver.perform(RemoteWebDriver.java:631)
  org.openqa.selenium.interactions.Actions$BuiltAction.perform(Actions.java:613)
  org.openqa.selenium.interactions.Actions.perform(Actions.java:578)
  pages.HomePage.exploreUsedCar(HomePage.java:49)
  testcases.ExploreUsedCarsTest.exploreUsedCars(ExploreUsedCarsTest.java:23)
  java.base/jdk.internal.reflect.NativeMethodAccessorImpl.invoke0(Native Method)
  java.base/jdk.internal.reflect.NativeMethodAccessorImpl.invoke(NativeMethodAccessorImpl.java:77)
  java.base/jdk.internal.reflect.DelegatingMethodAccessorImpl.invoke(DelegatingMethodAccessorImpl.java:43)
  java.base/java.lang.reflect.Method.invoke(Method.java:568)
  org.testng.internal.invokers.MethodInvocationHelper.invokeMethod(MethodInvocationHelper.java:141)
  org.testng.internal.invokers.TestInvoker.invokeMethod(TestInvoker.java:686)
  org.testng.internal.invokers.TestInvoker.invokeTestMethod(TestInvoker.java:230)
  org.testng.internal.invokers.MethodRunner.runInSequence(MethodRunner.java:63)
  org.testng.internal.invokers.TestInvoker$MethodInvocationAgent.invoke(TestInvoker.java:992)
  org.testng.internal.invokers.TestInvoker.invokeTestMethods(TestInvoker.java:203)
  org.testng.internal.invokers.TestMethodWorker.invokeTestMethods(TestMethodWorker.java:154)
  org.testng.internal.invokers.TestMethodWorker.run(TestMethodWorker.java:134)
  java.base/java.util.ArrayList.forEach(ArrayList.java:1511)
  org.testng.TestRunner.privateRun(TestRunner.java:739)
  org.testng.TestRunner.run(TestRunner.java:614)
  org.testng.SuiteRunner.runTest(SuiteRunner.java:421)
  org.testng.SuiteRunner.runSequentially(SuiteRunner.java:413)
  org.testng.SuiteRunner.privateRun(SuiteRunner.java:373)
  org.testng.SuiteRunner.run(SuiteRunner.java:312)
  org.testng.SuiteRunnerWorker.runSuite(SuiteRunnerWorker.java:52)
  org.testng.SuiteRunnerWorker.run(SuiteRunnerWorker.java:95)
  org.testng.TestNG.runSuitesSequentially(TestNG.java:1274)
  org.testng.TestNG.runSuitesLocally(TestNG.java:1208)
  org.testng.TestNG.runSuites(TestNG.java:1112)
  org.testng.TestNG.run(TestNG.java:1079)
  org.testng.remote.AbstractRemoteTestNG.run(AbstractRemoteTestNG.java:115)
  org.testng.remote.RemoteTestNG.initAndRun(RemoteTestNG.java:293)
  org.testng.remote.RemoteTestNG.main(RemoteTestNG.java:91)
Caused by: org.openqa.selenium.NoSuchElementException: no such element: Unable to locate element: {"method":"xpath","selector":"//*[@id="root"]/div[2]/header/div/nav/ul/li[2]/div"}
  (Session info: MicrosoftEdge=133.0.3065.92)
For documentation on this error, please visit: https://www.selenium.dev/documentation/webdriver/troubleshooting/errors#no-such-element-exception
Build info: version: '4.27.0', revision: 'd6e718d134'
System info: os.name: 'Windows 10', os.arch: 'amd64', os.version: '10.0', java.version: '17.0.12'
Driver info: org.openqa.selenium.remote.RemoteWebDriver
Command: [511222905cb24ab44510b9fbde5a1588, findElement {using=xpath, value=//*[@id="root"]/div[2]/header/div/nav/ul/li[2]/div}]
Capabilities {acceptInsecureCerts: false, browserName: MicrosoftEdge, browserVersion: 133.0.3065.92, fedcm:accounts: true, ms:edgeOptions: {debuggerAddress: localhost:41523}, msedge: {msedgedriverVersion: 133.0.3065.92 (e8591772eda3..., userDataDir: /tmp/.com.microsoft.Edge.xJ...}, networkConnectionEnabled: false, pageLoadStrategy: normal, platformName: linux, proxy: Proxy(), se:bidiEnabled: false, se:cdp: ws://172.18.0.5:4444/sessio..., se:cdpVersion: 133.0.3065.92, se:containerName: 50399f1b2be3, se:noVncPort: 7900, se:vnc: ws://172.18.0.5:4444/sessio..., se:vncEnabled: true, se:vncLocalAddress: ws://172.18.0.5:7900, setWindowRect: true, strictFileInteractability: false, timeouts: {implicit: 0, pageLoad: 300000, script: 30000}, unhandledPromptBehavior: dismiss and notify, webauthn:extension:credBlob: true, webauthn:extension:largeBlob: true, webauthn:extension:minPinLength: true, webauthn:extension:prf: true, webauthn:virtualAuthenticators: true}
Session ID: 511222905cb24ab44510b9fbde5a1588
  java.base/jdk.internal.reflect.NativeConstructorAccessorImpl.newInstance0(Native Method)
  java.base/jdk.internal.reflect.NativeConstructorAccessorImpl.newInstance(NativeConstructorAccessorImpl.java:77)
  java.base/jdk.internal.reflect.DelegatingConstructorAccessorImpl.newInstance(DelegatingConstructorAccessorImpl.java:45)
  java.base/java.lang.reflect.Constructor.newInstanceWithCaller(Constructor.java:499)
  java.base/java.lang.reflect.Constructor.newInstance(Constructor.java:480)
  org.openqa.selenium.remote.ErrorCodec.decode(ErrorCodec.java:167)
  org.openqa.selenium.remote.codec.w3c.W3CHttpResponseCodec.decode(W3CHttpResponseCodec.java:138)
  org.openqa.selenium.remote.codec.w3c.W3CHttpResponseCodec.decode(W3CHttpResponseCodec.java:50)
  org.openqa.selenium.remote.HttpCommandExecutor.execute(HttpCommandExecutor.java:190)
  org.openqa.selenium.remote.TracedCommandExecutor.execute(TracedCommandExecutor.java:53)
  org.openqa.selenium.remote.RemoteWebDriver.execute(RemoteWebDriver.java:545)
  org.openqa.selenium.remote.ElementLocation$ElementFinder$2.findElement(ElementLocation.java:165)
  org.openqa.selenium.remote.ElementLocation.findElement(ElementLocation.java:59)
  org.openqa.selenium.remote.RemoteWebDriver.findElement(RemoteWebDriver.java:368)
  org.openqa.selenium.remote.RemoteWebDriver.findElement(RemoteWebDriver.java:362)
  org.openqa.selenium.support.pagefactory.DefaultElementLocator.findElement(DefaultElementLocator.java:68)
  org.openqa.selenium.support.pagefactory.internal.LocatingElementHandler.invoke(LocatingElementHandler.java:38)
  jdk.proxy2/jdk.proxy2.$Proxy29.getWrappedElement(Unknown Source)
  org.openqa.selenium.interactions.PointerInput$Origin.asArg(PointerInput.java:259)
  org.openqa.selenium.interactions.PointerInput$Move.encode(PointerInput.java:208)
  org.openqa.selenium.interactions.Sequence.encode(Sequence.java:72)
  org.openqa.selenium.interactions.Sequence.toJson(Sequence.java:81)
  jdk.internal.reflect.GeneratedMethodAccessor22.invoke(Unknown Source)
  java.base/jdk.internal.reflect.DelegatingMethodAccessorImpl.invoke(DelegatingMethodAccessorImpl.java:43)
  java.base/java.lang.reflect.Method.invoke(Method.java:568)
  org.openqa.selenium.json.JsonOutput.convertUsingMethod(JsonOutput.java:516)
  org.openqa.selenium.json.JsonOutput.lambda$new$16(JsonOutput.java:182)
  org.openqa.selenium.json.JsonOutput.write0(JsonOutput.java:409)
  org.openqa.selenium.json.JsonOutput.lambda$new$22(JsonOutput.java:204)
  java.base/java.util.stream.ForEachOps$ForEachOp$OfRef.accept(ForEachOps.java:183)
  java.base/java.util.stream.ReferencePipeline$2$1.accept(ReferencePipeline.java:179)
  java.base/java.util.Iterator.forEachRemaining(Iterator.java:133)
  java.base/java.util.Spliterators$IteratorSpliterator.forEachRemaining(Spliterators.java:1845)
  java.base/java.util.stream.AbstractPipeline.copyInto(AbstractPipeline.java:509)
  java.base/java.util.stream.AbstractPipeline.wrapAndCopyInto(AbstractPipeline.java:499)
  java.base/java.util.stream.ForEachOps$ForEachOp.evaluateSequential(ForEachOps.java:150)
  java.base/java.util.stream.ForEachOps$ForEachOp$OfRef.evaluateSequential(ForEachOps.java:173)
  java.base/java.util.stream.AbstractPipeline.evaluate(AbstractPipeline.java:234)
  java.base/java.util.stream.ReferencePipeline.forEach(ReferencePipeline.java:596)
  org.openqa.selenium.json.JsonOutput.lambda$new$23(JsonOutput.java:204)
  org.openqa.selenium.json.JsonOutput.write0(JsonOutput.java:409)
  org.openqa.selenium.json.JsonOutput.lambda$new$24(JsonOutput.java:222)
  java.base/java.util.Map.forEach(Map.java:713)
  org.openqa.selenium.json.JsonOutput.lambda$new$25(JsonOutput.java:217)
  org.openqa.selenium.json.JsonOutput.write0(JsonOutput.java:409)
  org.openqa.selenium.json.JsonOutput.write(JsonOutput.java:400)
  org.openqa.selenium.json.Json.toJson(Json.java:133)
  org.openqa.selenium.json.Json.toJson(Json.java:119)
  org.openqa.selenium.remote.codec.AbstractHttpCommandCodec.encode(AbstractHttpCommandCodec.java:245)
  org.openqa.selenium.remote.codec.AbstractHttpCommandCodec.encode(AbstractHttpCommandCodec.java:111)
  org.openqa.selenium.remote.HttpCommandExecutor.execute(HttpCommandExecutor.java:178)
  org.openqa.selenium.remote.TracedCommandExecutor.execute(TracedCommandExecutor.java:53)
  org.openqa.selenium.remote.RemoteWebDriver.execute(RemoteWebDriver.java:545)
  org.openqa.selenium.remote.RemoteWebDriver.perform(RemoteWebDriver.java:631)
  org.openqa.selenium.interactions.Actions$BuiltAction.perform(Actions.java:613)
  org.openqa.selenium.interactions.Actions.perform(Actions.java:578)
  pages.HomePage.exploreUsedCar(HomePage.java:49)
  testcases.ExploreUsedCarsTest.exploreUsedCars(ExploreUsedCarsTest.java:23)
  java.base/jdk.internal.reflect.NativeMethodAccessorImpl.invoke0(Native Method)
  java.base/jdk.internal.reflect.NativeMethodAccessorImpl.invoke(NativeMethodAccessorImpl.java:77)
  java.base/jdk.internal.reflect.DelegatingMethodAccessorImpl.invoke(DelegatingMethodAccessorImpl.java:43)
  java.base/java.lang.reflect.Method.invoke(Method.java:568)
  org.testng.internal.invokers.MethodInvocationHelper.invokeMethod(MethodInvocationHelper.java:141)
  org.testng.internal.invokers.TestInvoker.invokeMethod(TestInvoker.java:686)
  org.testng.internal.invokers.TestInvoker.invokeTestMethod(TestInvoker.java:230)
  org.testng.internal.invokers.MethodRunner.runInSequence(MethodRunner.java:63)
  org.testng.internal.invokers.TestInvoker$MethodInvocationAgent.invoke(TestInvoker.java:992)
  org.testng.internal.invokers.TestInvoker.invokeTestMethods(TestInvoker.java:203)
  org.testng.internal.invokers.TestMethodWorker.invokeTestMethods(TestMethodWorker.java:154)
  org.testng.internal.invokers.TestMethodWorker.run(TestMethodWorker.java:134)
  java.base/java.util.ArrayList.forEach(ArrayList.java:1511)
  org.testng.TestRunner.privateRun(TestRunner.java:739)
  org.testng.TestRunner.run(TestRunner.java:614)
  org.testng.SuiteRunner.runTest(SuiteRunner.java:421)
  org.testng.SuiteRunner.runSequentially(SuiteRunner.java:413)
  org.testng.SuiteRunner.privateRun(SuiteRunner.java:373)
  org.testng.SuiteRunner.run(SuiteRunner.java:312)
  org.testng.SuiteRunnerWorker.runSuite(SuiteRunnerWorker.java:52)
  org.testng.SuiteRunnerWorker.run(SuiteRunnerWorker.java:95)
  org.testng.TestNG.runSuitesSequentially(TestNG.java:1274)
  org.testng.TestNG.runSuitesLocally(TestNG.java:1208)
  org.testng.TestNG.runSuites(TestNG.java:1112)
  org.testng.TestNG.run(TestNG.java:1079)
  org.testng.remote.AbstractRemoteTestNG.run(AbstractRemoteTestNG.java:115)
  org.testng.remote.RemoteTestNG.initAndRun(RemoteTestNG.java:293)
  org.testng.remote.RemoteTestNG.main(RemoteTestNG.java:91)
]]>
      </failure>

          </testcase>
  
  
  
</testsuite>
