<?xml version="1.0" encoding="utf-8" ?>
<!DOCTYPE html PUBLIC "-//W3C//DTD XHTML 1.0 Strict//EN"
        "http://www.w3.org/TR/xhtml1/DTD/xhtml1-strict.dtd">
<html xmlns="http://www.w3.org/1999/xhtml" xml:lang="" lang="">
<head>
  <title>Test Results Report - ExploreUsedCars Test</title>
  <meta http-equiv="Content-Type" content="text/html;charset=utf-8" />
  <meta name="description" content="TestNG unit test results." />
  <link href="reportng.css" rel="stylesheet" type="text/css" />
    <script type="text/javascript" src="reportng.js"></script>
</head>
<body>
<h1>ExploreUsedCars Test</h1>
<p>
  Test duration: 34.202s
</p>



  <table class="resultsTable">
    <tr><th colspan="3" class="header failed">Failed Tests</th></tr>
          <tr>
        <td colspan="3" class="group">testcases.ExploreUsedCarsTest</td>
      </tr>
            
<tr>
  <td class="method">
                  exploreUsedCars
      </td>
  <td class="duration">
    17.625s
  </td>
  <td class="result">
        
          <i>Method arguments: </i><span class="arguments">{browser=edge, runmode=Y, city=Dehli}</span><br />
    
            <div class="testOutput">
                        Capturing scrrenshot!!!
                                <a target="_blank" href=Tue_Mar_18_22_36_48_IST_2025.jpg>Screenshot</a>
                                </br>
                                <a target="_blank" href=Tue_Mar_18_22_36_48_IST_2025.jpg><img height=200 width=200 src=Tue_Mar_18_22_36_48_IST_2025.jpg></img></a>
                  </div>
    

        <a href="javascript:toggleElement('exception-0', 'block')" title="Click to expand/collapse"><b>org.openqa.selenium.json.JsonException: java.lang.reflect.InvocationTargetException<br/>
Build info: version: &apos;4.27.0&apos;, revision: &apos;d6e718d134&apos;<br/>
System info: os.name: &apos;Windows 10&apos;, os.arch: &apos;amd64&apos;, os.version: &apos;10.0&apos;, java.version: &apos;17.0.12&apos;<br/>
Driver info: org.openqa.selenium.remote.RemoteWebDriver<br/>
Command: [511222905cb24ab44510b9fbde5a1588, actions {actions=[org.openqa.selenium.interactions.Sequence@46ff1aad]}]<br/>
Capabilities {acceptInsecureCerts: false, browserName: MicrosoftEdge, browserVersion: 133.0.3065.92, fedcm:accounts: true, ms:edgeOptions: {debuggerAddress: localhost:41523}, msedge: {msedgedriverVersion: 133.0.3065.92 (e8591772eda3..., userDataDir: /tmp/.com.microsoft.Edge.xJ...}, networkConnectionEnabled: false, pageLoadStrategy: normal, platformName: linux, proxy: Proxy(), se:bidiEnabled: false, se:cdp: ws://172.18.0.5:4444/sessio..., se:cdpVersion: 133.0.3065.92, se:containerName: 50399f1b2be3, se:noVncPort: 7900, se:vnc: ws://172.18.0.5:4444/sessio..., se:vncEnabled: true, se:vncLocalAddress: ws://172.18.0.5:7900, setWindowRect: true, strictFileInteractability: false, timeouts: {implicit: 0, pageLoad: 300000, script: 30000}, unhandledPromptBehavior: dismiss and notify, webauthn:extension:credBlob: true, webauthn:extension:largeBlob: true, webauthn:extension:minPinLength: true, webauthn:extension:prf: true, webauthn:virtualAuthenticators: true}<br/>
Session ID: 511222905cb24ab44510b9fbde5a1588</b></a><br />
    <div class="stackTrace" id="exception-0">
              org.openqa.selenium.json.JsonOutput.convertUsingMethod(JsonOutput.java:520)<br />
              org.openqa.selenium.json.JsonOutput.lambda$new$16(JsonOutput.java:182)<br />
              org.openqa.selenium.json.JsonOutput.write0(JsonOutput.java:409)<br />
              org.openqa.selenium.json.JsonOutput.lambda$new$22(JsonOutput.java:204)<br />
              java.base/java.util.stream.ForEachOps$ForEachOp$OfRef.accept(ForEachOps.java:183)<br />
              java.base/java.util.stream.ReferencePipeline$2$1.accept(ReferencePipeline.java:179)<br />
              java.base/java.util.Iterator.forEachRemaining(Iterator.java:133)<br />
              java.base/java.util.Spliterators$IteratorSpliterator.forEachRemaining(Spliterators.java:1845)<br />
              java.base/java.util.stream.AbstractPipeline.copyInto(AbstractPipeline.java:509)<br />
              java.base/java.util.stream.AbstractPipeline.wrapAndCopyInto(AbstractPipeline.java:499)<br />
              java.base/java.util.stream.ForEachOps$ForEachOp.evaluateSequential(ForEachOps.java:150)<br />
              java.base/java.util.stream.ForEachOps$ForEachOp$OfRef.evaluateSequential(ForEachOps.java:173)<br />
              java.base/java.util.stream.AbstractPipeline.evaluate(AbstractPipeline.java:234)<br />
              java.base/java.util.stream.ReferencePipeline.forEach(ReferencePipeline.java:596)<br />
              org.openqa.selenium.json.JsonOutput.lambda$new$23(JsonOutput.java:204)<br />
              org.openqa.selenium.json.JsonOutput.write0(JsonOutput.java:409)<br />
              org.openqa.selenium.json.JsonOutput.lambda$new$24(JsonOutput.java:222)<br />
              java.base/java.util.Map.forEach(Map.java:713)<br />
              org.openqa.selenium.json.JsonOutput.lambda$new$25(JsonOutput.java:217)<br />
              org.openqa.selenium.json.JsonOutput.write0(JsonOutput.java:409)<br />
              org.openqa.selenium.json.JsonOutput.write(JsonOutput.java:400)<br />
              org.openqa.selenium.json.Json.toJson(Json.java:133)<br />
              org.openqa.selenium.json.Json.toJson(Json.java:119)<br />
              org.openqa.selenium.remote.codec.AbstractHttpCommandCodec.encode(AbstractHttpCommandCodec.java:245)<br />
              org.openqa.selenium.remote.codec.AbstractHttpCommandCodec.encode(AbstractHttpCommandCodec.java:111)<br />
              org.openqa.selenium.remote.HttpCommandExecutor.execute(HttpCommandExecutor.java:178)<br />
              org.openqa.selenium.remote.TracedCommandExecutor.execute(TracedCommandExecutor.java:53)<br />
              org.openqa.selenium.remote.RemoteWebDriver.execute(RemoteWebDriver.java:545)<br />
              org.openqa.selenium.remote.RemoteWebDriver.perform(RemoteWebDriver.java:631)<br />
              org.openqa.selenium.interactions.Actions$BuiltAction.perform(Actions.java:613)<br />
              org.openqa.selenium.interactions.Actions.perform(Actions.java:578)<br />
              pages.HomePage.exploreUsedCar(HomePage.java:49)<br />
              testcases.ExploreUsedCarsTest.exploreUsedCars(ExploreUsedCarsTest.java:23)<br />
              java.base/jdk.internal.reflect.NativeMethodAccessorImpl.invoke0(Native Method)<br />
              java.base/jdk.internal.reflect.NativeMethodAccessorImpl.invoke(NativeMethodAccessorImpl.java:77)<br />
              java.base/jdk.internal.reflect.DelegatingMethodAccessorImpl.invoke(DelegatingMethodAccessorImpl.java:43)<br />
              java.base/java.lang.reflect.Method.invoke(Method.java:568)<br />
              org.testng.internal.invokers.MethodInvocationHelper.invokeMethod(MethodInvocationHelper.java:141)<br />
              org.testng.internal.invokers.TestInvoker.invokeMethod(TestInvoker.java:686)<br />
              org.testng.internal.invokers.TestInvoker.invokeTestMethod(TestInvoker.java:230)<br />
              org.testng.internal.invokers.MethodRunner.runInSequence(MethodRunner.java:63)<br />
              org.testng.internal.invokers.TestInvoker$MethodInvocationAgent.invoke(TestInvoker.java:992)<br />
              org.testng.internal.invokers.TestInvoker.invokeTestMethods(TestInvoker.java:203)<br />
              org.testng.internal.invokers.TestMethodWorker.invokeTestMethods(TestMethodWorker.java:154)<br />
              org.testng.internal.invokers.TestMethodWorker.run(TestMethodWorker.java:134)<br />
              java.base/java.util.ArrayList.forEach(ArrayList.java:1511)<br />
              org.testng.TestRunner.privateRun(TestRunner.java:739)<br />
              org.testng.TestRunner.run(TestRunner.java:614)<br />
              org.testng.SuiteRunner.runTest(SuiteRunner.java:421)<br />
              org.testng.SuiteRunner.runSequentially(SuiteRunner.java:413)<br />
              org.testng.SuiteRunner.privateRun(SuiteRunner.java:373)<br />
              org.testng.SuiteRunner.run(SuiteRunner.java:312)<br />
              org.testng.SuiteRunnerWorker.runSuite(SuiteRunnerWorker.java:52)<br />
              org.testng.SuiteRunnerWorker.run(SuiteRunnerWorker.java:95)<br />
              org.testng.TestNG.runSuitesSequentially(TestNG.java:1274)<br />
              org.testng.TestNG.runSuitesLocally(TestNG.java:1208)<br />
              org.testng.TestNG.runSuites(TestNG.java:1112)<br />
              org.testng.TestNG.run(TestNG.java:1079)<br />
              org.testng.remote.AbstractRemoteTestNG.run(AbstractRemoteTestNG.java:115)<br />
              org.testng.remote.RemoteTestNG.initAndRun(RemoteTestNG.java:293)<br />
              org.testng.remote.RemoteTestNG.main(RemoteTestNG.java:91)<br />
                    <b>Caused by: </b> <a href="javascript:toggleElement('exception-1', 'block')" title="Click to expand/collapse">java.lang.reflect.InvocationTargetException</a><br />
        <div class="stackTrace" id="exception-1">
                      jdk.internal.reflect.GeneratedMethodAccessor22.invoke(Unknown Source)<br />
                      java.base/jdk.internal.reflect.DelegatingMethodAccessorImpl.invoke(DelegatingMethodAccessorImpl.java:43)<br />
                      java.base/java.lang.reflect.Method.invoke(Method.java:568)<br />
                      org.openqa.selenium.json.JsonOutput.convertUsingMethod(JsonOutput.java:516)<br />
                      org.openqa.selenium.json.JsonOutput.lambda$new$16(JsonOutput.java:182)<br />
                      org.openqa.selenium.json.JsonOutput.write0(JsonOutput.java:409)<br />
                      org.openqa.selenium.json.JsonOutput.lambda$new$22(JsonOutput.java:204)<br />
                      java.base/java.util.stream.ForEachOps$ForEachOp$OfRef.accept(ForEachOps.java:183)<br />
                      java.base/java.util.stream.ReferencePipeline$2$1.accept(ReferencePipeline.java:179)<br />
                      java.base/java.util.Iterator.forEachRemaining(Iterator.java:133)<br />
                      java.base/java.util.Spliterators$IteratorSpliterator.forEachRemaining(Spliterators.java:1845)<br />
                      java.base/java.util.stream.AbstractPipeline.copyInto(AbstractPipeline.java:509)<br />
                      java.base/java.util.stream.AbstractPipeline.wrapAndCopyInto(AbstractPipeline.java:499)<br />
                      java.base/java.util.stream.ForEachOps$ForEachOp.evaluateSequential(ForEachOps.java:150)<br />
                      java.base/java.util.stream.ForEachOps$ForEachOp$OfRef.evaluateSequential(ForEachOps.java:173)<br />
                      java.base/java.util.stream.AbstractPipeline.evaluate(AbstractPipeline.java:234)<br />
                      java.base/java.util.stream.ReferencePipeline.forEach(ReferencePipeline.java:596)<br />
                      org.openqa.selenium.json.JsonOutput.lambda$new$23(JsonOutput.java:204)<br />
                      org.openqa.selenium.json.JsonOutput.write0(JsonOutput.java:409)<br />
                      org.openqa.selenium.json.JsonOutput.lambda$new$24(JsonOutput.java:222)<br />
                      java.base/java.util.Map.forEach(Map.java:713)<br />
                      org.openqa.selenium.json.JsonOutput.lambda$new$25(JsonOutput.java:217)<br />
                      org.openqa.selenium.json.JsonOutput.write0(JsonOutput.java:409)<br />
                      org.openqa.selenium.json.JsonOutput.write(JsonOutput.java:400)<br />
                      org.openqa.selenium.json.Json.toJson(Json.java:133)<br />
                      org.openqa.selenium.json.Json.toJson(Json.java:119)<br />
                      org.openqa.selenium.remote.codec.AbstractHttpCommandCodec.encode(AbstractHttpCommandCodec.java:245)<br />
                      org.openqa.selenium.remote.codec.AbstractHttpCommandCodec.encode(AbstractHttpCommandCodec.java:111)<br />
                      org.openqa.selenium.remote.HttpCommandExecutor.execute(HttpCommandExecutor.java:178)<br />
                      org.openqa.selenium.remote.TracedCommandExecutor.execute(TracedCommandExecutor.java:53)<br />
                      org.openqa.selenium.remote.RemoteWebDriver.execute(RemoteWebDriver.java:545)<br />
                      org.openqa.selenium.remote.RemoteWebDriver.perform(RemoteWebDriver.java:631)<br />
                      org.openqa.selenium.interactions.Actions$BuiltAction.perform(Actions.java:613)<br />
                      org.openqa.selenium.interactions.Actions.perform(Actions.java:578)<br />
                      pages.HomePage.exploreUsedCar(HomePage.java:49)<br />
                      testcases.ExploreUsedCarsTest.exploreUsedCars(ExploreUsedCarsTest.java:23)<br />
                      java.base/jdk.internal.reflect.NativeMethodAccessorImpl.invoke0(Native Method)<br />
                      java.base/jdk.internal.reflect.NativeMethodAccessorImpl.invoke(NativeMethodAccessorImpl.java:77)<br />
                      java.base/jdk.internal.reflect.DelegatingMethodAccessorImpl.invoke(DelegatingMethodAccessorImpl.java:43)<br />
                      java.base/java.lang.reflect.Method.invoke(Method.java:568)<br />
                      org.testng.internal.invokers.MethodInvocationHelper.invokeMethod(MethodInvocationHelper.java:141)<br />
                      org.testng.internal.invokers.TestInvoker.invokeMethod(TestInvoker.java:686)<br />
                      org.testng.internal.invokers.TestInvoker.invokeTestMethod(TestInvoker.java:230)<br />
                      org.testng.internal.invokers.MethodRunner.runInSequence(MethodRunner.java:63)<br />
                      org.testng.internal.invokers.TestInvoker$MethodInvocationAgent.invoke(TestInvoker.java:992)<br />
                      org.testng.internal.invokers.TestInvoker.invokeTestMethods(TestInvoker.java:203)<br />
                      org.testng.internal.invokers.TestMethodWorker.invokeTestMethods(TestMethodWorker.java:154)<br />
                      org.testng.internal.invokers.TestMethodWorker.run(TestMethodWorker.java:134)<br />
                      java.base/java.util.ArrayList.forEach(ArrayList.java:1511)<br />
                      org.testng.TestRunner.privateRun(TestRunner.java:739)<br />
                      org.testng.TestRunner.run(TestRunner.java:614)<br />
                      org.testng.SuiteRunner.runTest(SuiteRunner.java:421)<br />
                      org.testng.SuiteRunner.runSequentially(SuiteRunner.java:413)<br />
                      org.testng.SuiteRunner.privateRun(SuiteRunner.java:373)<br />
                      org.testng.SuiteRunner.run(SuiteRunner.java:312)<br />
                      org.testng.SuiteRunnerWorker.runSuite(SuiteRunnerWorker.java:52)<br />
                      org.testng.SuiteRunnerWorker.run(SuiteRunnerWorker.java:95)<br />
                      org.testng.TestNG.runSuitesSequentially(TestNG.java:1274)<br />
                      org.testng.TestNG.runSuitesLocally(TestNG.java:1208)<br />
                      org.testng.TestNG.runSuites(TestNG.java:1112)<br />
                      org.testng.TestNG.run(TestNG.java:1079)<br />
                      org.testng.remote.AbstractRemoteTestNG.run(AbstractRemoteTestNG.java:115)<br />
                      org.testng.remote.RemoteTestNG.initAndRun(RemoteTestNG.java:293)<br />
                      org.testng.remote.RemoteTestNG.main(RemoteTestNG.java:91)<br />
                  </div>
              <b>Caused by: </b> <a href="javascript:toggleElement('exception-2', 'block')" title="Click to expand/collapse">org.openqa.selenium.NoSuchElementException: no such element: Unable to locate element: {&quot;method&quot;:&quot;xpath&quot;,&quot;selector&quot;:&quot;//*[@id=&quot;root&quot;]/div[2]/header/div/nav/ul/li[2]/div&quot;}<br/>
&nbsp; (Session info: MicrosoftEdge=133.0.3065.92)<br/>
For documentation on this error, please visit: https://www.selenium.dev/documentation/webdriver/troubleshooting/errors#no-such-element-exception<br/>
Build info: version: &apos;4.27.0&apos;, revision: &apos;d6e718d134&apos;<br/>
System info: os.name: &apos;Windows 10&apos;, os.arch: &apos;amd64&apos;, os.version: &apos;10.0&apos;, java.version: &apos;17.0.12&apos;<br/>
Driver info: org.openqa.selenium.remote.RemoteWebDriver<br/>
Command: [511222905cb24ab44510b9fbde5a1588, findElement {using=xpath, value=//*[@id=&quot;root&quot;]/div[2]/header/div/nav/ul/li[2]/div}]<br/>
Capabilities {acceptInsecureCerts: false, browserName: MicrosoftEdge, browserVersion: 133.0.3065.92, fedcm:accounts: true, ms:edgeOptions: {debuggerAddress: localhost:41523}, msedge: {msedgedriverVersion: 133.0.3065.92 (e8591772eda3..., userDataDir: /tmp/.com.microsoft.Edge.xJ...}, networkConnectionEnabled: false, pageLoadStrategy: normal, platformName: linux, proxy: Proxy(), se:bidiEnabled: false, se:cdp: ws://172.18.0.5:4444/sessio..., se:cdpVersion: 133.0.3065.92, se:containerName: 50399f1b2be3, se:noVncPort: 7900, se:vnc: ws://172.18.0.5:4444/sessio..., se:vncEnabled: true, se:vncLocalAddress: ws://172.18.0.5:7900, setWindowRect: true, strictFileInteractability: false, timeouts: {implicit: 0, pageLoad: 300000, script: 30000}, unhandledPromptBehavior: dismiss and notify, webauthn:extension:credBlob: true, webauthn:extension:largeBlob: true, webauthn:extension:minPinLength: true, webauthn:extension:prf: true, webauthn:virtualAuthenticators: true}<br/>
Session ID: 511222905cb24ab44510b9fbde5a1588</a><br />
        <div class="stackTrace" id="exception-2">
                      java.base/jdk.internal.reflect.NativeConstructorAccessorImpl.newInstance0(Native Method)<br />
                      java.base/jdk.internal.reflect.NativeConstructorAccessorImpl.newInstance(NativeConstructorAccessorImpl.java:77)<br />
                      java.base/jdk.internal.reflect.DelegatingConstructorAccessorImpl.newInstance(DelegatingConstructorAccessorImpl.java:45)<br />
                      java.base/java.lang.reflect.Constructor.newInstanceWithCaller(Constructor.java:499)<br />
                      java.base/java.lang.reflect.Constructor.newInstance(Constructor.java:480)<br />
                      org.openqa.selenium.remote.ErrorCodec.decode(ErrorCodec.java:167)<br />
                      org.openqa.selenium.remote.codec.w3c.W3CHttpResponseCodec.decode(W3CHttpResponseCodec.java:138)<br />
                      org.openqa.selenium.remote.codec.w3c.W3CHttpResponseCodec.decode(W3CHttpResponseCodec.java:50)<br />
                      org.openqa.selenium.remote.HttpCommandExecutor.execute(HttpCommandExecutor.java:190)<br />
                      org.openqa.selenium.remote.TracedCommandExecutor.execute(TracedCommandExecutor.java:53)<br />
                      org.openqa.selenium.remote.RemoteWebDriver.execute(RemoteWebDriver.java:545)<br />
                      org.openqa.selenium.remote.ElementLocation$ElementFinder$2.findElement(ElementLocation.java:165)<br />
                      org.openqa.selenium.remote.ElementLocation.findElement(ElementLocation.java:59)<br />
                      org.openqa.selenium.remote.RemoteWebDriver.findElement(RemoteWebDriver.java:368)<br />
                      org.openqa.selenium.remote.RemoteWebDriver.findElement(RemoteWebDriver.java:362)<br />
                      org.openqa.selenium.support.pagefactory.DefaultElementLocator.findElement(DefaultElementLocator.java:68)<br />
                      org.openqa.selenium.support.pagefactory.internal.LocatingElementHandler.invoke(LocatingElementHandler.java:38)<br />
                      jdk.proxy2/jdk.proxy2.$Proxy29.getWrappedElement(Unknown Source)<br />
                      org.openqa.selenium.interactions.PointerInput$Origin.asArg(PointerInput.java:259)<br />
                      org.openqa.selenium.interactions.PointerInput$Move.encode(PointerInput.java:208)<br />
                      org.openqa.selenium.interactions.Sequence.encode(Sequence.java:72)<br />
                      org.openqa.selenium.interactions.Sequence.toJson(Sequence.java:81)<br />
                      jdk.internal.reflect.GeneratedMethodAccessor22.invoke(Unknown Source)<br />
                      java.base/jdk.internal.reflect.DelegatingMethodAccessorImpl.invoke(DelegatingMethodAccessorImpl.java:43)<br />
                      java.base/java.lang.reflect.Method.invoke(Method.java:568)<br />
                      org.openqa.selenium.json.JsonOutput.convertUsingMethod(JsonOutput.java:516)<br />
                      org.openqa.selenium.json.JsonOutput.lambda$new$16(JsonOutput.java:182)<br />
                      org.openqa.selenium.json.JsonOutput.write0(JsonOutput.java:409)<br />
                      org.openqa.selenium.json.JsonOutput.lambda$new$22(JsonOutput.java:204)<br />
                      java.base/java.util.stream.ForEachOps$ForEachOp$OfRef.accept(ForEachOps.java:183)<br />
                      java.base/java.util.stream.ReferencePipeline$2$1.accept(ReferencePipeline.java:179)<br />
                      java.base/java.util.Iterator.forEachRemaining(Iterator.java:133)<br />
                      java.base/java.util.Spliterators$IteratorSpliterator.forEachRemaining(Spliterators.java:1845)<br />
                      java.base/java.util.stream.AbstractPipeline.copyInto(AbstractPipeline.java:509)<br />
                      java.base/java.util.stream.AbstractPipeline.wrapAndCopyInto(AbstractPipeline.java:499)<br />
                      java.base/java.util.stream.ForEachOps$ForEachOp.evaluateSequential(ForEachOps.java:150)<br />
                      java.base/java.util.stream.ForEachOps$ForEachOp$OfRef.evaluateSequential(ForEachOps.java:173)<br />
                      java.base/java.util.stream.AbstractPipeline.evaluate(AbstractPipeline.java:234)<br />
                      java.base/java.util.stream.ReferencePipeline.forEach(ReferencePipeline.java:596)<br />
                      org.openqa.selenium.json.JsonOutput.lambda$new$23(JsonOutput.java:204)<br />
                      org.openqa.selenium.json.JsonOutput.write0(JsonOutput.java:409)<br />
                      org.openqa.selenium.json.JsonOutput.lambda$new$24(JsonOutput.java:222)<br />
                      java.base/java.util.Map.forEach(Map.java:713)<br />
                      org.openqa.selenium.json.JsonOutput.lambda$new$25(JsonOutput.java:217)<br />
                      org.openqa.selenium.json.JsonOutput.write0(JsonOutput.java:409)<br />
                      org.openqa.selenium.json.JsonOutput.write(JsonOutput.java:400)<br />
                      org.openqa.selenium.json.Json.toJson(Json.java:133)<br />
                      org.openqa.selenium.json.Json.toJson(Json.java:119)<br />
                      org.openqa.selenium.remote.codec.AbstractHttpCommandCodec.encode(AbstractHttpCommandCodec.java:245)<br />
                      org.openqa.selenium.remote.codec.AbstractHttpCommandCodec.encode(AbstractHttpCommandCodec.java:111)<br />
                      org.openqa.selenium.remote.HttpCommandExecutor.execute(HttpCommandExecutor.java:178)<br />
                      org.openqa.selenium.remote.TracedCommandExecutor.execute(TracedCommandExecutor.java:53)<br />
                      org.openqa.selenium.remote.RemoteWebDriver.execute(RemoteWebDriver.java:545)<br />
                      org.openqa.selenium.remote.RemoteWebDriver.perform(RemoteWebDriver.java:631)<br />
                      org.openqa.selenium.interactions.Actions$BuiltAction.perform(Actions.java:613)<br />
                      org.openqa.selenium.interactions.Actions.perform(Actions.java:578)<br />
                      pages.HomePage.exploreUsedCar(HomePage.java:49)<br />
                      testcases.ExploreUsedCarsTest.exploreUsedCars(ExploreUsedCarsTest.java:23)<br />
                      java.base/jdk.internal.reflect.NativeMethodAccessorImpl.invoke0(Native Method)<br />
                      java.base/jdk.internal.reflect.NativeMethodAccessorImpl.invoke(NativeMethodAccessorImpl.java:77)<br />
                      java.base/jdk.internal.reflect.DelegatingMethodAccessorImpl.invoke(DelegatingMethodAccessorImpl.java:43)<br />
                      java.base/java.lang.reflect.Method.invoke(Method.java:568)<br />
                      org.testng.internal.invokers.MethodInvocationHelper.invokeMethod(MethodInvocationHelper.java:141)<br />
                      org.testng.internal.invokers.TestInvoker.invokeMethod(TestInvoker.java:686)<br />
                      org.testng.internal.invokers.TestInvoker.invokeTestMethod(TestInvoker.java:230)<br />
                      org.testng.internal.invokers.MethodRunner.runInSequence(MethodRunner.java:63)<br />
                      org.testng.internal.invokers.TestInvoker$MethodInvocationAgent.invoke(TestInvoker.java:992)<br />
                      org.testng.internal.invokers.TestInvoker.invokeTestMethods(TestInvoker.java:203)<br />
                      org.testng.internal.invokers.TestMethodWorker.invokeTestMethods(TestMethodWorker.java:154)<br />
                      org.testng.internal.invokers.TestMethodWorker.run(TestMethodWorker.java:134)<br />
                      java.base/java.util.ArrayList.forEach(ArrayList.java:1511)<br />
                      org.testng.TestRunner.privateRun(TestRunner.java:739)<br />
                      org.testng.TestRunner.run(TestRunner.java:614)<br />
                      org.testng.SuiteRunner.runTest(SuiteRunner.java:421)<br />
                      org.testng.SuiteRunner.runSequentially(SuiteRunner.java:413)<br />
                      org.testng.SuiteRunner.privateRun(SuiteRunner.java:373)<br />
                      org.testng.SuiteRunner.run(SuiteRunner.java:312)<br />
                      org.testng.SuiteRunnerWorker.runSuite(SuiteRunnerWorker.java:52)<br />
                      org.testng.SuiteRunnerWorker.run(SuiteRunnerWorker.java:95)<br />
                      org.testng.TestNG.runSuitesSequentially(TestNG.java:1274)<br />
                      org.testng.TestNG.runSuitesLocally(TestNG.java:1208)<br />
                      org.testng.TestNG.runSuites(TestNG.java:1112)<br />
                      org.testng.TestNG.run(TestNG.java:1079)<br />
                      org.testng.remote.AbstractRemoteTestNG.run(AbstractRemoteTestNG.java:115)<br />
                      org.testng.remote.RemoteTestNG.initAndRun(RemoteTestNG.java:293)<br />
                      org.testng.remote.RemoteTestNG.main(RemoteTestNG.java:91)<br />
                  </div>
          </div>
      </td>
</tr>
<tr>
  <td class="method">
                  exploreUsedCars
      </td>
  <td class="duration">
    15.200s
  </td>
  <td class="result">
        
          <i>Method arguments: </i><span class="arguments">{browser=chrome, runmode=Y, city=Mumbai}</span><br />
    
            <div class="testOutput">
                        Capturing scrrenshot!!!
                                <a target="_blank" href=Tue_Mar_18_22_36_29_IST_2025.jpg>Screenshot</a>
                                </br>
                                <a target="_blank" href=Tue_Mar_18_22_36_29_IST_2025.jpg><img height=200 width=200 src=Tue_Mar_18_22_36_29_IST_2025.jpg></img></a>
                  </div>
    

        <a href="javascript:toggleElement('exception-3', 'block')" title="Click to expand/collapse"><b>org.openqa.selenium.json.JsonException: java.lang.reflect.InvocationTargetException<br/>
Build info: version: &apos;4.27.0&apos;, revision: &apos;d6e718d134&apos;<br/>
System info: os.name: &apos;Windows 10&apos;, os.arch: &apos;amd64&apos;, os.version: &apos;10.0&apos;, java.version: &apos;17.0.12&apos;<br/>
Driver info: org.openqa.selenium.remote.RemoteWebDriver<br/>
Command: [e54825cc8dff31e0acfbd41b67d5ae86, actions {actions=[org.openqa.selenium.interactions.Sequence@299ddfff]}]<br/>
Capabilities {acceptInsecureCerts: false, browserName: chrome, browserVersion: 134.0.6998.35, chrome: {chromedriverVersion: 134.0.6998.35 (ea6ef4c2ac15..., userDataDir: /tmp/.org.chromium.Chromium...}, fedcm:accounts: true, goog:chromeOptions: {debuggerAddress: localhost:34303}, networkConnectionEnabled: false, pageLoadStrategy: normal, platformName: linux, proxy: Proxy(), se:bidiEnabled: false, se:cdp: ws://172.18.0.6:4444/sessio..., se:cdpVersion: 134.0.6998.35, se:containerName: cb5da5789a27, se:noVncPort: 7900, se:vnc: ws://172.18.0.6:4444/sessio..., se:vncEnabled: true, se:vncLocalAddress: ws://172.18.0.6:7900, setWindowRect: true, strictFileInteractability: false, timeouts: {implicit: 0, pageLoad: 300000, script: 30000}, unhandledPromptBehavior: dismiss and notify, webauthn:extension:credBlob: true, webauthn:extension:largeBlob: true, webauthn:extension:minPinLength: true, webauthn:extension:prf: true, webauthn:virtualAuthenticators: true}<br/>
Session ID: e54825cc8dff31e0acfbd41b67d5ae86</b></a><br />
    <div class="stackTrace" id="exception-3">
              org.openqa.selenium.json.JsonOutput.convertUsingMethod(JsonOutput.java:520)<br />
              org.openqa.selenium.json.JsonOutput.lambda$new$16(JsonOutput.java:182)<br />
              org.openqa.selenium.json.JsonOutput.write0(JsonOutput.java:409)<br />
              org.openqa.selenium.json.JsonOutput.lambda$new$22(JsonOutput.java:204)<br />
              java.base/java.util.stream.ForEachOps$ForEachOp$OfRef.accept(ForEachOps.java:183)<br />
              java.base/java.util.stream.ReferencePipeline$2$1.accept(ReferencePipeline.java:179)<br />
              java.base/java.util.Iterator.forEachRemaining(Iterator.java:133)<br />
              java.base/java.util.Spliterators$IteratorSpliterator.forEachRemaining(Spliterators.java:1845)<br />
              java.base/java.util.stream.AbstractPipeline.copyInto(AbstractPipeline.java:509)<br />
              java.base/java.util.stream.AbstractPipeline.wrapAndCopyInto(AbstractPipeline.java:499)<br />
              java.base/java.util.stream.ForEachOps$ForEachOp.evaluateSequential(ForEachOps.java:150)<br />
              java.base/java.util.stream.ForEachOps$ForEachOp$OfRef.evaluateSequential(ForEachOps.java:173)<br />
              java.base/java.util.stream.AbstractPipeline.evaluate(AbstractPipeline.java:234)<br />
              java.base/java.util.stream.ReferencePipeline.forEach(ReferencePipeline.java:596)<br />
              org.openqa.selenium.json.JsonOutput.lambda$new$23(JsonOutput.java:204)<br />
              org.openqa.selenium.json.JsonOutput.write0(JsonOutput.java:409)<br />
              org.openqa.selenium.json.JsonOutput.lambda$new$24(JsonOutput.java:222)<br />
              java.base/java.util.Map.forEach(Map.java:713)<br />
              org.openqa.selenium.json.JsonOutput.lambda$new$25(JsonOutput.java:217)<br />
              org.openqa.selenium.json.JsonOutput.write0(JsonOutput.java:409)<br />
              org.openqa.selenium.json.JsonOutput.write(JsonOutput.java:400)<br />
              org.openqa.selenium.json.Json.toJson(Json.java:133)<br />
              org.openqa.selenium.json.Json.toJson(Json.java:119)<br />
              org.openqa.selenium.remote.codec.AbstractHttpCommandCodec.encode(AbstractHttpCommandCodec.java:245)<br />
              org.openqa.selenium.remote.codec.AbstractHttpCommandCodec.encode(AbstractHttpCommandCodec.java:111)<br />
              org.openqa.selenium.remote.HttpCommandExecutor.execute(HttpCommandExecutor.java:178)<br />
              org.openqa.selenium.remote.TracedCommandExecutor.execute(TracedCommandExecutor.java:53)<br />
              org.openqa.selenium.remote.RemoteWebDriver.execute(RemoteWebDriver.java:545)<br />
              org.openqa.selenium.remote.RemoteWebDriver.perform(RemoteWebDriver.java:631)<br />
              org.openqa.selenium.interactions.Actions$BuiltAction.perform(Actions.java:613)<br />
              org.openqa.selenium.interactions.Actions.perform(Actions.java:578)<br />
              pages.HomePage.exploreUsedCar(HomePage.java:49)<br />
              testcases.ExploreUsedCarsTest.exploreUsedCars(ExploreUsedCarsTest.java:23)<br />
              java.base/jdk.internal.reflect.NativeMethodAccessorImpl.invoke0(Native Method)<br />
              java.base/jdk.internal.reflect.NativeMethodAccessorImpl.invoke(NativeMethodAccessorImpl.java:77)<br />
              java.base/jdk.internal.reflect.DelegatingMethodAccessorImpl.invoke(DelegatingMethodAccessorImpl.java:43)<br />
              java.base/java.lang.reflect.Method.invoke(Method.java:568)<br />
              org.testng.internal.invokers.MethodInvocationHelper.invokeMethod(MethodInvocationHelper.java:141)<br />
              org.testng.internal.invokers.TestInvoker.invokeMethod(TestInvoker.java:686)<br />
              org.testng.internal.invokers.TestInvoker.invokeTestMethod(TestInvoker.java:230)<br />
              org.testng.internal.invokers.MethodRunner.runInSequence(MethodRunner.java:63)<br />
              org.testng.internal.invokers.TestInvoker$MethodInvocationAgent.invoke(TestInvoker.java:992)<br />
              org.testng.internal.invokers.TestInvoker.invokeTestMethods(TestInvoker.java:203)<br />
              org.testng.internal.invokers.TestMethodWorker.invokeTestMethods(TestMethodWorker.java:154)<br />
              org.testng.internal.invokers.TestMethodWorker.run(TestMethodWorker.java:134)<br />
              java.base/java.util.ArrayList.forEach(ArrayList.java:1511)<br />
              org.testng.TestRunner.privateRun(TestRunner.java:739)<br />
              org.testng.TestRunner.run(TestRunner.java:614)<br />
              org.testng.SuiteRunner.runTest(SuiteRunner.java:421)<br />
              org.testng.SuiteRunner.runSequentially(SuiteRunner.java:413)<br />
              org.testng.SuiteRunner.privateRun(SuiteRunner.java:373)<br />
              org.testng.SuiteRunner.run(SuiteRunner.java:312)<br />
              org.testng.SuiteRunnerWorker.runSuite(SuiteRunnerWorker.java:52)<br />
              org.testng.SuiteRunnerWorker.run(SuiteRunnerWorker.java:95)<br />
              org.testng.TestNG.runSuitesSequentially(TestNG.java:1274)<br />
              org.testng.TestNG.runSuitesLocally(TestNG.java:1208)<br />
              org.testng.TestNG.runSuites(TestNG.java:1112)<br />
              org.testng.TestNG.run(TestNG.java:1079)<br />
              org.testng.remote.AbstractRemoteTestNG.run(AbstractRemoteTestNG.java:115)<br />
              org.testng.remote.RemoteTestNG.initAndRun(RemoteTestNG.java:293)<br />
              org.testng.remote.RemoteTestNG.main(RemoteTestNG.java:91)<br />
                    <b>Caused by: </b> <a href="javascript:toggleElement('exception-4', 'block')" title="Click to expand/collapse">java.lang.reflect.InvocationTargetException</a><br />
        <div class="stackTrace" id="exception-4">
                      jdk.internal.reflect.GeneratedMethodAccessor22.invoke(Unknown Source)<br />
                      java.base/jdk.internal.reflect.DelegatingMethodAccessorImpl.invoke(DelegatingMethodAccessorImpl.java:43)<br />
                      java.base/java.lang.reflect.Method.invoke(Method.java:568)<br />
                      org.openqa.selenium.json.JsonOutput.convertUsingMethod(JsonOutput.java:516)<br />
                      org.openqa.selenium.json.JsonOutput.lambda$new$16(JsonOutput.java:182)<br />
                      org.openqa.selenium.json.JsonOutput.write0(JsonOutput.java:409)<br />
                      org.openqa.selenium.json.JsonOutput.lambda$new$22(JsonOutput.java:204)<br />
                      java.base/java.util.stream.ForEachOps$ForEachOp$OfRef.accept(ForEachOps.java:183)<br />
                      java.base/java.util.stream.ReferencePipeline$2$1.accept(ReferencePipeline.java:179)<br />
                      java.base/java.util.Iterator.forEachRemaining(Iterator.java:133)<br />
                      java.base/java.util.Spliterators$IteratorSpliterator.forEachRemaining(Spliterators.java:1845)<br />
                      java.base/java.util.stream.AbstractPipeline.copyInto(AbstractPipeline.java:509)<br />
                      java.base/java.util.stream.AbstractPipeline.wrapAndCopyInto(AbstractPipeline.java:499)<br />
                      java.base/java.util.stream.ForEachOps$ForEachOp.evaluateSequential(ForEachOps.java:150)<br />
                      java.base/java.util.stream.ForEachOps$ForEachOp$OfRef.evaluateSequential(ForEachOps.java:173)<br />
                      java.base/java.util.stream.AbstractPipeline.evaluate(AbstractPipeline.java:234)<br />
                      java.base/java.util.stream.ReferencePipeline.forEach(ReferencePipeline.java:596)<br />
                      org.openqa.selenium.json.JsonOutput.lambda$new$23(JsonOutput.java:204)<br />
                      org.openqa.selenium.json.JsonOutput.write0(JsonOutput.java:409)<br />
                      org.openqa.selenium.json.JsonOutput.lambda$new$24(JsonOutput.java:222)<br />
                      java.base/java.util.Map.forEach(Map.java:713)<br />
                      org.openqa.selenium.json.JsonOutput.lambda$new$25(JsonOutput.java:217)<br />
                      org.openqa.selenium.json.JsonOutput.write0(JsonOutput.java:409)<br />
                      org.openqa.selenium.json.JsonOutput.write(JsonOutput.java:400)<br />
                      org.openqa.selenium.json.Json.toJson(Json.java:133)<br />
                      org.openqa.selenium.json.Json.toJson(Json.java:119)<br />
                      org.openqa.selenium.remote.codec.AbstractHttpCommandCodec.encode(AbstractHttpCommandCodec.java:245)<br />
                      org.openqa.selenium.remote.codec.AbstractHttpCommandCodec.encode(AbstractHttpCommandCodec.java:111)<br />
                      org.openqa.selenium.remote.HttpCommandExecutor.execute(HttpCommandExecutor.java:178)<br />
                      org.openqa.selenium.remote.TracedCommandExecutor.execute(TracedCommandExecutor.java:53)<br />
                      org.openqa.selenium.remote.RemoteWebDriver.execute(RemoteWebDriver.java:545)<br />
                      org.openqa.selenium.remote.RemoteWebDriver.perform(RemoteWebDriver.java:631)<br />
                      org.openqa.selenium.interactions.Actions$BuiltAction.perform(Actions.java:613)<br />
                      org.openqa.selenium.interactions.Actions.perform(Actions.java:578)<br />
                      pages.HomePage.exploreUsedCar(HomePage.java:49)<br />
                      testcases.ExploreUsedCarsTest.exploreUsedCars(ExploreUsedCarsTest.java:23)<br />
                      java.base/jdk.internal.reflect.NativeMethodAccessorImpl.invoke0(Native Method)<br />
                      java.base/jdk.internal.reflect.NativeMethodAccessorImpl.invoke(NativeMethodAccessorImpl.java:77)<br />
                      java.base/jdk.internal.reflect.DelegatingMethodAccessorImpl.invoke(DelegatingMethodAccessorImpl.java:43)<br />
                      java.base/java.lang.reflect.Method.invoke(Method.java:568)<br />
                      org.testng.internal.invokers.MethodInvocationHelper.invokeMethod(MethodInvocationHelper.java:141)<br />
                      org.testng.internal.invokers.TestInvoker.invokeMethod(TestInvoker.java:686)<br />
                      org.testng.internal.invokers.TestInvoker.invokeTestMethod(TestInvoker.java:230)<br />
                      org.testng.internal.invokers.MethodRunner.runInSequence(MethodRunner.java:63)<br />
                      org.testng.internal.invokers.TestInvoker$MethodInvocationAgent.invoke(TestInvoker.java:992)<br />
                      org.testng.internal.invokers.TestInvoker.invokeTestMethods(TestInvoker.java:203)<br />
                      org.testng.internal.invokers.TestMethodWorker.invokeTestMethods(TestMethodWorker.java:154)<br />
                      org.testng.internal.invokers.TestMethodWorker.run(TestMethodWorker.java:134)<br />
                      java.base/java.util.ArrayList.forEach(ArrayList.java:1511)<br />
                      org.testng.TestRunner.privateRun(TestRunner.java:739)<br />
                      org.testng.TestRunner.run(TestRunner.java:614)<br />
                      org.testng.SuiteRunner.runTest(SuiteRunner.java:421)<br />
                      org.testng.SuiteRunner.runSequentially(SuiteRunner.java:413)<br />
                      org.testng.SuiteRunner.privateRun(SuiteRunner.java:373)<br />
                      org.testng.SuiteRunner.run(SuiteRunner.java:312)<br />
                      org.testng.SuiteRunnerWorker.runSuite(SuiteRunnerWorker.java:52)<br />
                      org.testng.SuiteRunnerWorker.run(SuiteRunnerWorker.java:95)<br />
                      org.testng.TestNG.runSuitesSequentially(TestNG.java:1274)<br />
                      org.testng.TestNG.runSuitesLocally(TestNG.java:1208)<br />
                      org.testng.TestNG.runSuites(TestNG.java:1112)<br />
                      org.testng.TestNG.run(TestNG.java:1079)<br />
                      org.testng.remote.AbstractRemoteTestNG.run(AbstractRemoteTestNG.java:115)<br />
                      org.testng.remote.RemoteTestNG.initAndRun(RemoteTestNG.java:293)<br />
                      org.testng.remote.RemoteTestNG.main(RemoteTestNG.java:91)<br />
                  </div>
              <b>Caused by: </b> <a href="javascript:toggleElement('exception-5', 'block')" title="Click to expand/collapse">org.openqa.selenium.NoSuchElementException: no such element: Unable to locate element: {&quot;method&quot;:&quot;xpath&quot;,&quot;selector&quot;:&quot;//*[@id=&quot;root&quot;]/div[2]/header/div/nav/ul/li[2]/div&quot;}<br/>
&nbsp; (Session info: chrome=134.0.6998.35)<br/>
For documentation on this error, please visit: https://www.selenium.dev/documentation/webdriver/troubleshooting/errors#no-such-element-exception<br/>
Build info: version: &apos;4.27.0&apos;, revision: &apos;d6e718d134&apos;<br/>
System info: os.name: &apos;Windows 10&apos;, os.arch: &apos;amd64&apos;, os.version: &apos;10.0&apos;, java.version: &apos;17.0.12&apos;<br/>
Driver info: org.openqa.selenium.remote.RemoteWebDriver<br/>
Command: [e54825cc8dff31e0acfbd41b67d5ae86, findElement {using=xpath, value=//*[@id=&quot;root&quot;]/div[2]/header/div/nav/ul/li[2]/div}]<br/>
Capabilities {acceptInsecureCerts: false, browserName: chrome, browserVersion: 134.0.6998.35, chrome: {chromedriverVersion: 134.0.6998.35 (ea6ef4c2ac15..., userDataDir: /tmp/.org.chromium.Chromium...}, fedcm:accounts: true, goog:chromeOptions: {debuggerAddress: localhost:34303}, networkConnectionEnabled: false, pageLoadStrategy: normal, platformName: linux, proxy: Proxy(), se:bidiEnabled: false, se:cdp: ws://172.18.0.6:4444/sessio..., se:cdpVersion: 134.0.6998.35, se:containerName: cb5da5789a27, se:noVncPort: 7900, se:vnc: ws://172.18.0.6:4444/sessio..., se:vncEnabled: true, se:vncLocalAddress: ws://172.18.0.6:7900, setWindowRect: true, strictFileInteractability: false, timeouts: {implicit: 0, pageLoad: 300000, script: 30000}, unhandledPromptBehavior: dismiss and notify, webauthn:extension:credBlob: true, webauthn:extension:largeBlob: true, webauthn:extension:minPinLength: true, webauthn:extension:prf: true, webauthn:virtualAuthenticators: true}<br/>
Session ID: e54825cc8dff31e0acfbd41b67d5ae86</a><br />
        <div class="stackTrace" id="exception-5">
                      java.base/jdk.internal.reflect.NativeConstructorAccessorImpl.newInstance0(Native Method)<br />
                      java.base/jdk.internal.reflect.NativeConstructorAccessorImpl.newInstance(NativeConstructorAccessorImpl.java:77)<br />
                      java.base/jdk.internal.reflect.DelegatingConstructorAccessorImpl.newInstance(DelegatingConstructorAccessorImpl.java:45)<br />
                      java.base/java.lang.reflect.Constructor.newInstanceWithCaller(Constructor.java:499)<br />
                      java.base/java.lang.reflect.Constructor.newInstance(Constructor.java:480)<br />
                      org.openqa.selenium.remote.ErrorCodec.decode(ErrorCodec.java:167)<br />
                      org.openqa.selenium.remote.codec.w3c.W3CHttpResponseCodec.decode(W3CHttpResponseCodec.java:138)<br />
                      org.openqa.selenium.remote.codec.w3c.W3CHttpResponseCodec.decode(W3CHttpResponseCodec.java:50)<br />
                      org.openqa.selenium.remote.HttpCommandExecutor.execute(HttpCommandExecutor.java:190)<br />
                      org.openqa.selenium.remote.TracedCommandExecutor.execute(TracedCommandExecutor.java:53)<br />
                      org.openqa.selenium.remote.RemoteWebDriver.execute(RemoteWebDriver.java:545)<br />
                      org.openqa.selenium.remote.ElementLocation$ElementFinder$2.findElement(ElementLocation.java:165)<br />
                      org.openqa.selenium.remote.ElementLocation.findElement(ElementLocation.java:59)<br />
                      org.openqa.selenium.remote.RemoteWebDriver.findElement(RemoteWebDriver.java:368)<br />
                      org.openqa.selenium.remote.RemoteWebDriver.findElement(RemoteWebDriver.java:362)<br />
                      org.openqa.selenium.support.pagefactory.DefaultElementLocator.findElement(DefaultElementLocator.java:68)<br />
                      org.openqa.selenium.support.pagefactory.internal.LocatingElementHandler.invoke(LocatingElementHandler.java:38)<br />
                      jdk.proxy2/jdk.proxy2.$Proxy29.getWrappedElement(Unknown Source)<br />
                      org.openqa.selenium.interactions.PointerInput$Origin.asArg(PointerInput.java:259)<br />
                      org.openqa.selenium.interactions.PointerInput$Move.encode(PointerInput.java:208)<br />
                      org.openqa.selenium.interactions.Sequence.encode(Sequence.java:72)<br />
                      org.openqa.selenium.interactions.Sequence.toJson(Sequence.java:81)<br />
                      jdk.internal.reflect.GeneratedMethodAccessor22.invoke(Unknown Source)<br />
                      java.base/jdk.internal.reflect.DelegatingMethodAccessorImpl.invoke(DelegatingMethodAccessorImpl.java:43)<br />
                      java.base/java.lang.reflect.Method.invoke(Method.java:568)<br />
                      org.openqa.selenium.json.JsonOutput.convertUsingMethod(JsonOutput.java:516)<br />
                      org.openqa.selenium.json.JsonOutput.lambda$new$16(JsonOutput.java:182)<br />
                      org.openqa.selenium.json.JsonOutput.write0(JsonOutput.java:409)<br />
                      org.openqa.selenium.json.JsonOutput.lambda$new$22(JsonOutput.java:204)<br />
                      java.base/java.util.stream.ForEachOps$ForEachOp$OfRef.accept(ForEachOps.java:183)<br />
                      java.base/java.util.stream.ReferencePipeline$2$1.accept(ReferencePipeline.java:179)<br />
                      java.base/java.util.Iterator.forEachRemaining(Iterator.java:133)<br />
                      java.base/java.util.Spliterators$IteratorSpliterator.forEachRemaining(Spliterators.java:1845)<br />
                      java.base/java.util.stream.AbstractPipeline.copyInto(AbstractPipeline.java:509)<br />
                      java.base/java.util.stream.AbstractPipeline.wrapAndCopyInto(AbstractPipeline.java:499)<br />
                      java.base/java.util.stream.ForEachOps$ForEachOp.evaluateSequential(ForEachOps.java:150)<br />
                      java.base/java.util.stream.ForEachOps$ForEachOp$OfRef.evaluateSequential(ForEachOps.java:173)<br />
                      java.base/java.util.stream.AbstractPipeline.evaluate(AbstractPipeline.java:234)<br />
                      java.base/java.util.stream.ReferencePipeline.forEach(ReferencePipeline.java:596)<br />
                      org.openqa.selenium.json.JsonOutput.lambda$new$23(JsonOutput.java:204)<br />
                      org.openqa.selenium.json.JsonOutput.write0(JsonOutput.java:409)<br />
                      org.openqa.selenium.json.JsonOutput.lambda$new$24(JsonOutput.java:222)<br />
                      java.base/java.util.Map.forEach(Map.java:713)<br />
                      org.openqa.selenium.json.JsonOutput.lambda$new$25(JsonOutput.java:217)<br />
                      org.openqa.selenium.json.JsonOutput.write0(JsonOutput.java:409)<br />
                      org.openqa.selenium.json.JsonOutput.write(JsonOutput.java:400)<br />
                      org.openqa.selenium.json.Json.toJson(Json.java:133)<br />
                      org.openqa.selenium.json.Json.toJson(Json.java:119)<br />
                      org.openqa.selenium.remote.codec.AbstractHttpCommandCodec.encode(AbstractHttpCommandCodec.java:245)<br />
                      org.openqa.selenium.remote.codec.AbstractHttpCommandCodec.encode(AbstractHttpCommandCodec.java:111)<br />
                      org.openqa.selenium.remote.HttpCommandExecutor.execute(HttpCommandExecutor.java:178)<br />
                      org.openqa.selenium.remote.TracedCommandExecutor.execute(TracedCommandExecutor.java:53)<br />
                      org.openqa.selenium.remote.RemoteWebDriver.execute(RemoteWebDriver.java:545)<br />
                      org.openqa.selenium.remote.RemoteWebDriver.perform(RemoteWebDriver.java:631)<br />
                      org.openqa.selenium.interactions.Actions$BuiltAction.perform(Actions.java:613)<br />
                      org.openqa.selenium.interactions.Actions.perform(Actions.java:578)<br />
                      pages.HomePage.exploreUsedCar(HomePage.java:49)<br />
                      testcases.ExploreUsedCarsTest.exploreUsedCars(ExploreUsedCarsTest.java:23)<br />
                      java.base/jdk.internal.reflect.NativeMethodAccessorImpl.invoke0(Native Method)<br />
                      java.base/jdk.internal.reflect.NativeMethodAccessorImpl.invoke(NativeMethodAccessorImpl.java:77)<br />
                      java.base/jdk.internal.reflect.DelegatingMethodAccessorImpl.invoke(DelegatingMethodAccessorImpl.java:43)<br />
                      java.base/java.lang.reflect.Method.invoke(Method.java:568)<br />
                      org.testng.internal.invokers.MethodInvocationHelper.invokeMethod(MethodInvocationHelper.java:141)<br />
                      org.testng.internal.invokers.TestInvoker.invokeMethod(TestInvoker.java:686)<br />
                      org.testng.internal.invokers.TestInvoker.invokeTestMethod(TestInvoker.java:230)<br />
                      org.testng.internal.invokers.MethodRunner.runInSequence(MethodRunner.java:63)<br />
                      org.testng.internal.invokers.TestInvoker$MethodInvocationAgent.invoke(TestInvoker.java:992)<br />
                      org.testng.internal.invokers.TestInvoker.invokeTestMethods(TestInvoker.java:203)<br />
                      org.testng.internal.invokers.TestMethodWorker.invokeTestMethods(TestMethodWorker.java:154)<br />
                      org.testng.internal.invokers.TestMethodWorker.run(TestMethodWorker.java:134)<br />
                      java.base/java.util.ArrayList.forEach(ArrayList.java:1511)<br />
                      org.testng.TestRunner.privateRun(TestRunner.java:739)<br />
                      org.testng.TestRunner.run(TestRunner.java:614)<br />
                      org.testng.SuiteRunner.runTest(SuiteRunner.java:421)<br />
                      org.testng.SuiteRunner.runSequentially(SuiteRunner.java:413)<br />
                      org.testng.SuiteRunner.privateRun(SuiteRunner.java:373)<br />
                      org.testng.SuiteRunner.run(SuiteRunner.java:312)<br />
                      org.testng.SuiteRunnerWorker.runSuite(SuiteRunnerWorker.java:52)<br />
                      org.testng.SuiteRunnerWorker.run(SuiteRunnerWorker.java:95)<br />
                      org.testng.TestNG.runSuitesSequentially(TestNG.java:1274)<br />
                      org.testng.TestNG.runSuitesLocally(TestNG.java:1208)<br />
                      org.testng.TestNG.runSuites(TestNG.java:1112)<br />
                      org.testng.TestNG.run(TestNG.java:1079)<br />
                      org.testng.remote.AbstractRemoteTestNG.run(AbstractRemoteTestNG.java:115)<br />
                      org.testng.remote.RemoteTestNG.initAndRun(RemoteTestNG.java:293)<br />
                      org.testng.remote.RemoteTestNG.main(RemoteTestNG.java:91)<br />
                  </div>
          </div>
      </td>
</tr>
      </table>


  
</body>
</html>
